2018-12-04 15:36:43,715 INFO o.a.j.u.JMeterUtils: Setting Locale to en_EN
2018-12-04 15:36:43,735 INFO o.a.j.JMeter: Loading user properties from: user.properties
2018-12-04 15:36:43,736 INFO o.a.j.JMeter: Loading system properties from: system.properties
2018-12-04 15:36:43,745 INFO o.a.j.JMeter: Copyright (c) 1998-2018 The Apache Software Foundation
2018-12-04 15:36:43,745 INFO o.a.j.JMeter: Version 5.0 r1840935
2018-12-04 15:36:43,745 INFO o.a.j.JMeter: java.version=1.8.0_181
2018-12-04 15:36:43,745 INFO o.a.j.JMeter: java.vm.name=Java HotSpot(TM) 64-Bit Server VM
2018-12-04 15:36:43,745 INFO o.a.j.JMeter: os.name=Linux
2018-12-04 15:36:43,745 INFO o.a.j.JMeter: os.arch=amd64
2018-12-04 15:36:43,746 INFO o.a.j.JMeter: os.version=4.18.0-11-generic
2018-12-04 15:36:43,746 INFO o.a.j.JMeter: file.encoding=UTF-8
2018-12-04 15:36:43,746 INFO o.a.j.JMeter: Max memory     =1073741824
2018-12-04 15:36:43,746 INFO o.a.j.JMeter: Available Processors =4
2018-12-04 15:36:43,752 INFO o.a.j.JMeter: Default Locale=English (EN)
2018-12-04 15:36:43,752 INFO o.a.j.JMeter: JMeter  Locale=English (EN)
2018-12-04 15:36:43,752 INFO o.a.j.JMeter: JMeterHome=/home/jjavier98/GII/3º/1er Semestre/ISE/P4/apache-jmeter-5.0
2018-12-04 15:36:43,752 INFO o.a.j.JMeter: user.dir  =/home/jjavier98/GII/3º/1er Semestre/ISE/P4/apache-jmeter-5.0/bin
2018-12-04 15:36:43,752 INFO o.a.j.JMeter: PWD       =/home/jjavier98/GII/3º/1er Semestre/ISE/P4/apache-jmeter-5.0/bin
2018-12-04 15:36:43,753 INFO o.a.j.JMeter: IP: 127.0.1.1 Name: jjavier98-Lenovo-ideapad-310-15IKB FullName: jjavier98-Lenovo-ideapad-310-15IKB
2018-12-04 15:36:44,005 INFO o.a.j.g.a.LookAndFeelCommand: Installing Darcula LAF
2018-12-04 15:36:44,064 INFO o.a.j.g.a.LookAndFeelCommand: Using look and feel: com.bulenkov.darcula.DarculaLaf [Darcula]
2018-12-04 15:36:44,064 INFO o.a.j.JMeter: Setting LAF to: com.bulenkov.darcula.DarculaLaf
2018-12-04 15:36:44,167 INFO o.a.j.JMeter: Loaded icon properties from org/apache/jmeter/images/icon.properties
2018-12-04 15:36:44,754 INFO o.a.j.e.u.CompoundVariable: Note: Function class names must contain the string: '.functions.'
2018-12-04 15:36:44,755 INFO o.a.j.e.u.CompoundVariable: Note: Function class names must not contain the string: '.gui.'
2018-12-04 15:36:46,804 INFO o.a.j.p.h.s.HTTPSamplerBase: Parser for text/html is org.apache.jmeter.protocol.http.parser.LagartoBasedHtmlParser
2018-12-04 15:36:46,805 INFO o.a.j.p.h.s.HTTPSamplerBase: Parser for application/xhtml+xml is org.apache.jmeter.protocol.http.parser.LagartoBasedHtmlParser
2018-12-04 15:36:46,805 INFO o.a.j.p.h.s.HTTPSamplerBase: Parser for application/xml is org.apache.jmeter.protocol.http.parser.LagartoBasedHtmlParser
2018-12-04 15:36:46,805 INFO o.a.j.p.h.s.HTTPSamplerBase: Parser for text/xml is org.apache.jmeter.protocol.http.parser.LagartoBasedHtmlParser
2018-12-04 15:36:46,806 INFO o.a.j.p.h.s.HTTPSamplerBase: Parser for text/vnd.wap.wml is org.apache.jmeter.protocol.http.parser.RegexpHTMLParser
2018-12-04 15:36:46,806 INFO o.a.j.p.h.s.HTTPSamplerBase: Parser for text/css is org.apache.jmeter.protocol.http.parser.CssParser
2018-12-04 15:36:47,210 INFO o.a.j.e.KeyToolUtils: keytool found at 'keytool'
2018-12-04 15:36:47,211 INFO o.a.j.p.h.p.ProxyControl: HTTP(S) Test Script Recorder SSL Proxy will use keys that support embedded 3rd party resources in file /home/jjavier98/GII/3º/1er Semestre/ISE/P4/apache-jmeter-5.0/bin/proxyserver.jks
2018-12-04 15:36:47,379 INFO o.a.j.s.FileServer: Default base='/home/jjavier98/GII/3º/1er Semestre/ISE/P4/apache-jmeter-5.0/bin'
2018-12-04 15:36:47,833 INFO o.a.j.s.SampleResult: Note: Sample TimeStamps are START times
2018-12-04 15:36:47,833 INFO o.a.j.s.SampleResult: sampleresult.default.encoding is set to ISO-8859-1
2018-12-04 15:36:47,834 INFO o.a.j.s.SampleResult: sampleresult.useNanoTime=true
2018-12-04 15:36:47,834 INFO o.a.j.s.SampleResult: sampleresult.nanoThreadSleep=5000
2018-12-04 15:54:32,798 INFO o.a.j.g.a.Load: Loading file: /home/jjavier98/Descargas/ExamenP4-Martes.jmx
2018-12-04 15:54:32,799 INFO o.a.j.s.FileServer: Set new base='/home/jjavier98/Descargas'
2018-12-04 15:54:32,997 INFO o.a.j.s.SaveService: Testplan (JMX) version: 2.2. Testlog (JTL) version: 2.2
2018-12-04 15:54:33,017 INFO o.a.j.s.SaveService: Using SaveService properties file encoding UTF-8
2018-12-04 15:54:33,020 INFO o.a.j.s.SaveService: Using SaveService properties version 5.0
2018-12-04 15:54:33,025 INFO o.a.j.s.SaveService: Loading file: /home/jjavier98/Descargas/ExamenP4-Martes.jmx
2018-12-04 15:54:33,294 INFO o.a.j.s.FileServer: Set new base='/home/jjavier98/Descargas'
2018-12-04 15:56:26,026 WARN o.a.j.u.JMeterUtils: ERROR! Resource string not found: [label]
2018-12-04 15:56:26,041 WARN o.a.j.u.JMeterUtils: ERROR! Resource string not found: [label]
2018-12-04 15:56:26,043 WARN o.a.j.u.JMeterUtils: ERROR! Resource string not found: [label]
2018-12-04 15:56:26,045 WARN o.a.j.u.JMeterUtils: ERROR! Resource string not found: [label]
2018-12-04 15:56:26,051 WARN o.a.j.u.JMeterUtils: ERROR! Resource string not found: [label]
2018-12-04 15:56:26,085 WARN o.a.j.u.JMeterUtils: ERROR! Resource string not found: [label]
2018-12-04 15:56:26,085 WARN o.a.j.u.JMeterUtils: ERROR! Resource string not found: [#_samples]
2018-12-04 15:56:26,085 WARN o.a.j.u.JMeterUtils: ERROR! Resource string not found: [median]
2018-12-04 15:56:26,090 WARN o.a.j.u.JMeterUtils: ERROR! Resource string not found: [90%_line]
2018-12-04 15:56:26,091 WARN o.a.j.u.JMeterUtils: ERROR! Resource string not found: [95%_line]
2018-12-04 15:56:26,091 WARN o.a.j.u.JMeterUtils: ERROR! Resource string not found: [99%_line]
2018-12-04 15:56:26,091 WARN o.a.j.u.JMeterUtils: ERROR! Resource string not found: [min]
2018-12-04 15:56:26,091 WARN o.a.j.u.JMeterUtils: ERROR! Resource string not found: [error_%]
2018-12-04 15:56:26,091 WARN o.a.j.u.JMeterUtils: ERROR! Resource string not found: [throughput]
2018-12-04 15:56:26,092 WARN o.a.j.u.JMeterUtils: ERROR! Resource string not found: [received_kb/sec]
2018-12-04 15:56:26,103 WARN o.a.j.u.JMeterUtils: ERROR! Resource string not found: [label]
2018-12-04 15:56:26,104 WARN o.a.j.u.JMeterUtils: ERROR! Resource string not found: [label]
2018-12-04 15:56:26,136 WARN o.a.j.u.JMeterUtils: ERROR! Resource string not found: [label]
2018-12-04 15:56:26,136 WARN o.a.j.u.JMeterUtils: ERROR! Resource string not found: [#_samples]
2018-12-04 15:56:26,137 WARN o.a.j.u.JMeterUtils: ERROR! Resource string not found: [median]
2018-12-04 15:56:26,137 WARN o.a.j.u.JMeterUtils: ERROR! Resource string not found: [90%_line]
2018-12-04 15:56:26,137 WARN o.a.j.u.JMeterUtils: ERROR! Resource string not found: [95%_line]
2018-12-04 15:56:26,137 WARN o.a.j.u.JMeterUtils: ERROR! Resource string not found: [99%_line]
2018-12-04 15:56:26,137 WARN o.a.j.u.JMeterUtils: ERROR! Resource string not found: [min]
2018-12-04 15:56:26,137 WARN o.a.j.u.JMeterUtils: ERROR! Resource string not found: [error_%]
2018-12-04 15:56:26,138 WARN o.a.j.u.JMeterUtils: ERROR! Resource string not found: [throughput]
2018-12-04 15:56:26,138 WARN o.a.j.u.JMeterUtils: ERROR! Resource string not found: [received_kb/sec]
2018-12-04 15:56:26,586 WARN o.a.j.u.JMeterUtils: ERROR! Resource string not found: [label]
2018-12-04 15:56:26,586 WARN o.a.j.u.JMeterUtils: ERROR! Resource string not found: [#_samples]
2018-12-04 15:56:26,587 WARN o.a.j.u.JMeterUtils: ERROR! Resource string not found: [median]
2018-12-04 15:56:26,588 WARN o.a.j.u.JMeterUtils: ERROR! Resource string not found: [90%_line]
2018-12-04 15:56:26,588 WARN o.a.j.u.JMeterUtils: ERROR! Resource string not found: [95%_line]
2018-12-04 15:56:26,590 WARN o.a.j.u.JMeterUtils: ERROR! Resource string not found: [99%_line]
2018-12-04 15:56:26,591 WARN o.a.j.u.JMeterUtils: ERROR! Resource string not found: [min]
2018-12-04 15:56:26,591 WARN o.a.j.u.JMeterUtils: ERROR! Resource string not found: [error_%]
2018-12-04 15:56:26,591 WARN o.a.j.u.JMeterUtils: ERROR! Resource string not found: [throughput]
2018-12-04 15:56:26,591 WARN o.a.j.u.JMeterUtils: ERROR! Resource string not found: [received_kb/sec]
2018-12-04 15:56:44,465 INFO o.a.j.e.StandardJMeterEngine: Running the test!
2018-12-04 15:56:44,466 INFO o.a.j.s.SampleEvent: List of sample_variables: []
2018-12-04 15:56:44,467 INFO o.a.j.s.SampleEvent: List of sample_variables: []
2018-12-04 15:56:44,480 INFO o.a.j.g.u.JMeterMenuBar: setRunning(true, *local*)
2018-12-04 15:56:44,629 INFO o.a.j.e.StandardJMeterEngine: Starting ThreadGroup: 1 : Alumnos
2018-12-04 15:56:44,630 INFO o.a.j.e.StandardJMeterEngine: Starting 4 threads for group Alumnos.
2018-12-04 15:56:44,630 INFO o.a.j.e.StandardJMeterEngine: Thread will continue on error
2018-12-04 15:56:44,630 INFO o.a.j.t.ThreadGroup: Starting thread group... number=1 threads=4 ramp-up=1 perThread=250.0 delayedStart=false
2018-12-04 15:56:44,644 INFO o.a.j.t.ThreadGroup: Started thread group number 1
2018-12-04 15:56:44,645 INFO o.a.j.e.StandardJMeterEngine: All thread groups have been started
2018-12-04 15:56:44,655 INFO o.a.j.t.JMeterThread: Thread started: Alumnos 1-1
2018-12-04 15:56:44,680 INFO o.a.j.p.h.s.HTTPHCAbstractImpl: Local host = jjavier98-Lenovo-ideapad-310-15IKB
2018-12-04 15:56:44,688 INFO o.a.j.p.h.s.HTTPHC4Impl: HTTP request retry count = 0
2018-12-04 15:56:44,904 INFO o.a.j.t.JMeterThread: Thread started: Alumnos 1-2
2018-12-04 15:56:45,015 INFO o.a.j.u.JsseSSLManager: Using default SSL protocol: TLS
2018-12-04 15:56:45,016 INFO o.a.j.u.JsseSSLManager: SSL session context: per-thread
2018-12-04 15:56:45,154 INFO o.a.j.t.JMeterThread: Thread started: Alumnos 1-3
2018-12-04 15:56:45,405 INFO o.a.j.t.JMeterThread: Thread started: Alumnos 1-4
2018-12-04 15:56:57,707 INFO o.a.j.t.JMeterThread: Thread is done: Alumnos 1-2
2018-12-04 15:56:57,707 INFO o.a.j.t.JMeterThread: Thread finished: Alumnos 1-2
2018-12-04 15:56:57,726 INFO o.a.j.t.JMeterThread: Thread is done: Alumnos 1-1
2018-12-04 15:56:57,727 INFO o.a.j.t.JMeterThread: Thread finished: Alumnos 1-1
2018-12-04 15:56:57,764 INFO o.a.j.t.JMeterThread: Thread is done: Alumnos 1-3
2018-12-04 15:56:57,764 INFO o.a.j.t.JMeterThread: Thread finished: Alumnos 1-3
2018-12-04 15:56:57,819 INFO o.a.j.t.JMeterThread: Thread is done: Alumnos 1-4
2018-12-04 15:56:57,819 INFO o.a.j.t.JMeterThread: Thread finished: Alumnos 1-4
2018-12-04 15:56:57,819 INFO o.a.j.e.StandardJMeterEngine: Notifying test listeners of end of test
2018-12-04 15:56:57,820 INFO o.a.j.g.u.JMeterMenuBar: setRunning(false, *local*)
2018-12-04 15:59:55,821 INFO o.a.j.g.a.Load: Loading file: /home/jjavier98/Descargas/ETSIIT Alumnos API.jmx
2018-12-04 15:59:55,822 INFO o.a.j.s.FileServer: Set new base='/home/jjavier98/Descargas'
2018-12-04 15:59:55,822 INFO o.a.j.s.SaveService: Loading file: /home/jjavier98/Descargas/ETSIIT Alumnos API.jmx
2018-12-04 15:59:55,861 INFO o.a.j.p.h.s.HTTPJavaImpl: Maximum connection retries = 0
2018-12-04 15:59:56,137 INFO o.a.j.s.FileServer: Set new base='/home/jjavier98/Descargas'
2018-12-04 16:00:44,410 INFO o.a.j.g.a.Load: Loading file: /home/jjavier98/Descargas/ExamenP4-Martes.jmx
2018-12-04 16:00:44,411 INFO o.a.j.s.FileServer: Set new base='/home/jjavier98/Descargas'
2018-12-04 16:00:44,411 INFO o.a.j.s.SaveService: Loading file: /home/jjavier98/Descargas/ExamenP4-Martes.jmx
2018-12-04 16:00:44,517 INFO o.a.j.s.FileServer: Set new base='/home/jjavier98/Descargas'
2018-12-04 16:00:58,907 INFO o.a.j.g.a.Load: Loading file: /home/jjavier98/Descargas/ETSIIT Alumnos API.jmx
2018-12-04 16:00:58,908 INFO o.a.j.s.FileServer: Set new base='/home/jjavier98/Descargas'
2018-12-04 16:00:58,911 INFO o.a.j.s.SaveService: Loading file: /home/jjavier98/Descargas/ETSIIT Alumnos API.jmx
2018-12-04 16:00:59,161 INFO o.a.j.s.FileServer: Set new base='/home/jjavier98/Descargas'
2018-12-04 16:01:18,523 INFO o.a.j.g.a.Load: Loading file: /home/jjavier98/Descargas/ExamenP4-Martes.jmx
2018-12-04 16:01:18,523 INFO o.a.j.s.FileServer: Set new base='/home/jjavier98/Descargas'
2018-12-04 16:01:18,524 INFO o.a.j.s.SaveService: Loading file: /home/jjavier98/Descargas/ExamenP4-Martes.jmx
2018-12-04 16:01:18,646 INFO o.a.j.s.FileServer: Set new base='/home/jjavier98/Descargas'
2018-12-04 16:01:33,026 INFO o.a.j.e.StandardJMeterEngine: Running the test!
2018-12-04 16:01:33,029 INFO o.a.j.s.SampleEvent: List of sample_variables: []
2018-12-04 16:01:33,041 INFO o.a.j.g.u.JMeterMenuBar: setRunning(true, *local*)
2018-12-04 16:01:33,276 INFO o.a.j.e.StandardJMeterEngine: Starting ThreadGroup: 1 : Alumnos
2018-12-04 16:01:33,276 INFO o.a.j.e.StandardJMeterEngine: Starting 4 threads for group Alumnos.
2018-12-04 16:01:33,276 INFO o.a.j.e.StandardJMeterEngine: Thread will continue on error
2018-12-04 16:01:33,276 INFO o.a.j.t.ThreadGroup: Starting thread group... number=1 threads=4 ramp-up=1 perThread=250.0 delayedStart=false
2018-12-04 16:01:33,282 INFO o.a.j.t.JMeterThread: Thread started: Alumnos 1-1
2018-12-04 16:01:33,292 INFO o.a.j.t.ThreadGroup: Started thread group number 1
2018-12-04 16:01:33,293 INFO o.a.j.e.StandardJMeterEngine: All thread groups have been started
2018-12-04 16:01:33,534 INFO o.a.j.t.JMeterThread: Thread started: Alumnos 1-2
2018-12-04 16:01:33,791 INFO o.a.j.t.JMeterThread: Thread started: Alumnos 1-3
2018-12-04 16:01:34,044 INFO o.a.j.t.JMeterThread: Thread started: Alumnos 1-4
2018-12-04 16:01:43,648 INFO o.a.j.t.JMeterThread: Thread is done: Alumnos 1-1
2018-12-04 16:01:43,648 INFO o.a.j.t.JMeterThread: Thread finished: Alumnos 1-1
2018-12-04 16:01:44,236 INFO o.a.j.t.JMeterThread: Thread is done: Alumnos 1-2
2018-12-04 16:01:44,237 INFO o.a.j.t.JMeterThread: Thread finished: Alumnos 1-2
2018-12-04 16:01:44,437 INFO o.a.j.t.JMeterThread: Thread is done: Alumnos 1-3
2018-12-04 16:01:44,437 INFO o.a.j.t.JMeterThread: Thread finished: Alumnos 1-3
2018-12-04 16:01:44,503 INFO o.a.j.t.JMeterThread: Thread is done: Alumnos 1-4
2018-12-04 16:01:44,503 INFO o.a.j.t.JMeterThread: Thread finished: Alumnos 1-4
2018-12-04 16:01:44,503 INFO o.a.j.e.StandardJMeterEngine: Notifying test listeners of end of test
2018-12-04 16:01:44,504 INFO o.a.j.g.u.JMeterMenuBar: setRunning(false, *local*)
2018-12-04 16:02:28,054 INFO o.a.j.g.a.Load: Loading file: /home/jjavier98/Descargas/ETSIIT Alumnos API.jmx
2018-12-04 16:02:28,054 INFO o.a.j.s.FileServer: Set new base='/home/jjavier98/Descargas'
2018-12-04 16:02:28,055 INFO o.a.j.s.SaveService: Loading file: /home/jjavier98/Descargas/ETSIIT Alumnos API.jmx
2018-12-04 16:02:28,275 INFO o.a.j.s.FileServer: Set new base='/home/jjavier98/Descargas'
2018-12-04 16:03:03,212 INFO o.a.j.g.a.Load: Loading file: /home/jjavier98/Descargas/ExamenP4-Martes.jmx
2018-12-04 16:03:03,213 INFO o.a.j.s.FileServer: Set new base='/home/jjavier98/Descargas'
2018-12-04 16:03:03,213 INFO o.a.j.s.SaveService: Loading file: /home/jjavier98/Descargas/ExamenP4-Martes.jmx
2018-12-04 16:03:03,318 INFO o.a.j.s.FileServer: Set new base='/home/jjavier98/Descargas'
2018-12-04 16:03:54,138 INFO o.a.j.g.a.Load: Loading file: /home/jjavier98/Descargas/ETSIIT Alumnos API.jmx
2018-12-04 16:03:54,138 INFO o.a.j.s.FileServer: Set new base='/home/jjavier98/Descargas'
2018-12-04 16:03:54,139 INFO o.a.j.s.SaveService: Loading file: /home/jjavier98/Descargas/ETSIIT Alumnos API.jmx
2018-12-04 16:03:54,396 INFO o.a.j.s.FileServer: Set new base='/home/jjavier98/Descargas'
2018-12-04 16:04:04,465 INFO o.a.j.g.a.Load: Loading file: /home/jjavier98/Descargas/ExamenP4-Martes.jmx
2018-12-04 16:04:04,465 INFO o.a.j.s.FileServer: Set new base='/home/jjavier98/Descargas'
2018-12-04 16:04:04,466 INFO o.a.j.s.SaveService: Loading file: /home/jjavier98/Descargas/ExamenP4-Martes.jmx
2018-12-04 16:04:04,569 INFO o.a.j.s.FileServer: Set new base='/home/jjavier98/Descargas'
2018-12-04 16:04:18,903 INFO o.a.j.e.StandardJMeterEngine: Running the test!
2018-12-04 16:04:18,904 INFO o.a.j.s.SampleEvent: List of sample_variables: []
2018-12-04 16:04:18,905 INFO o.a.j.g.u.JMeterMenuBar: setRunning(true, *local*)
2018-12-04 16:04:19,187 INFO o.a.j.e.StandardJMeterEngine: Starting ThreadGroup: 1 : Alumnos
2018-12-04 16:04:19,187 INFO o.a.j.e.StandardJMeterEngine: Starting 4 threads for group Alumnos.
2018-12-04 16:04:19,187 INFO o.a.j.e.StandardJMeterEngine: Thread will continue on error
2018-12-04 16:04:19,187 INFO o.a.j.t.ThreadGroup: Starting thread group... number=1 threads=4 ramp-up=1 perThread=250.0 delayedStart=false
2018-12-04 16:04:19,191 INFO o.a.j.t.JMeterThread: Thread started: Alumnos 1-1
2018-12-04 16:04:19,194 INFO o.a.j.t.ThreadGroup: Started thread group number 1
2018-12-04 16:04:19,194 INFO o.a.j.e.StandardJMeterEngine: All thread groups have been started
2018-12-04 16:04:19,447 INFO o.a.j.t.JMeterThread: Thread started: Alumnos 1-2
2018-12-04 16:04:19,697 INFO o.a.j.t.JMeterThread: Thread started: Alumnos 1-3
2018-12-04 16:04:19,947 INFO o.a.j.t.JMeterThread: Thread started: Alumnos 1-4
2018-12-04 16:04:28,374 INFO o.a.j.t.JMeterThread: Thread is done: Alumnos 1-1
2018-12-04 16:04:28,374 INFO o.a.j.t.JMeterThread: Thread finished: Alumnos 1-1
2018-12-04 16:04:29,025 INFO o.a.j.t.JMeterThread: Thread is done: Alumnos 1-2
2018-12-04 16:04:29,025 INFO o.a.j.t.JMeterThread: Thread finished: Alumnos 1-2
2018-12-04 16:04:29,233 INFO o.a.j.t.JMeterThread: Thread is done: Alumnos 1-3
2018-12-04 16:04:29,233 INFO o.a.j.t.JMeterThread: Thread finished: Alumnos 1-3
2018-12-04 16:04:29,299 INFO o.a.j.t.JMeterThread: Thread is done: Alumnos 1-4
2018-12-04 16:04:29,299 INFO o.a.j.t.JMeterThread: Thread finished: Alumnos 1-4
2018-12-04 16:04:29,300 INFO o.a.j.e.StandardJMeterEngine: Notifying test listeners of end of test
2018-12-04 16:04:29,300 INFO o.a.j.g.u.JMeterMenuBar: setRunning(false, *local*)
2018-12-04 16:04:31,260 INFO o.a.j.e.StandardJMeterEngine: Running the test!
2018-12-04 16:04:31,261 INFO o.a.j.s.SampleEvent: List of sample_variables: []
2018-12-04 16:04:31,266 INFO o.a.j.g.u.JMeterMenuBar: setRunning(true, *local*)
2018-12-04 16:04:31,536 INFO o.a.j.e.StandardJMeterEngine: Starting ThreadGroup: 1 : Alumnos
2018-12-04 16:04:31,536 INFO o.a.j.e.StandardJMeterEngine: Starting 4 threads for group Alumnos.
2018-12-04 16:04:31,536 INFO o.a.j.e.StandardJMeterEngine: Thread will continue on error
2018-12-04 16:04:31,536 INFO o.a.j.t.ThreadGroup: Starting thread group... number=1 threads=4 ramp-up=1 perThread=250.0 delayedStart=false
2018-12-04 16:04:31,541 INFO o.a.j.t.ThreadGroup: Started thread group number 1
2018-12-04 16:04:31,541 INFO o.a.j.e.StandardJMeterEngine: All thread groups have been started
2018-12-04 16:04:31,540 INFO o.a.j.t.JMeterThread: Thread started: Alumnos 1-1
2018-12-04 16:04:31,790 INFO o.a.j.t.JMeterThread: Thread started: Alumnos 1-2
2018-12-04 16:04:32,041 INFO o.a.j.t.JMeterThread: Thread started: Alumnos 1-3
2018-12-04 16:04:32,291 INFO o.a.j.t.JMeterThread: Thread started: Alumnos 1-4
2018-12-04 16:04:39,952 INFO o.a.j.t.JMeterThread: Thread is done: Alumnos 1-1
2018-12-04 16:04:39,953 INFO o.a.j.t.JMeterThread: Thread finished: Alumnos 1-1
2018-12-04 16:04:40,752 INFO o.a.j.t.JMeterThread: Thread is done: Alumnos 1-2
2018-12-04 16:04:40,752 INFO o.a.j.t.JMeterThread: Thread finished: Alumnos 1-2
2018-12-04 16:04:41,030 INFO o.a.j.t.JMeterThread: Thread is done: Alumnos 1-3
2018-12-04 16:04:41,030 INFO o.a.j.t.JMeterThread: Thread finished: Alumnos 1-3
2018-12-04 16:04:41,133 INFO o.a.j.t.JMeterThread: Thread is done: Alumnos 1-4
2018-12-04 16:04:41,133 INFO o.a.j.t.JMeterThread: Thread finished: Alumnos 1-4
2018-12-04 16:04:41,133 INFO o.a.j.e.StandardJMeterEngine: Notifying test listeners of end of test
2018-12-04 16:04:41,134 INFO o.a.j.g.u.JMeterMenuBar: setRunning(false, *local*)
2018-12-04 16:05:12,083 INFO o.a.j.e.StandardJMeterEngine: Running the test!
2018-12-04 16:05:12,084 INFO o.a.j.s.SampleEvent: List of sample_variables: []
2018-12-04 16:05:12,085 INFO o.a.j.g.u.JMeterMenuBar: setRunning(true, *local*)
2018-12-04 16:05:12,318 INFO o.a.j.e.StandardJMeterEngine: Starting ThreadGroup: 1 : Alumnos
2018-12-04 16:05:12,318 INFO o.a.j.e.StandardJMeterEngine: Starting 4 threads for group Alumnos.
2018-12-04 16:05:12,318 INFO o.a.j.e.StandardJMeterEngine: Thread will continue on error
2018-12-04 16:05:12,318 INFO o.a.j.t.ThreadGroup: Starting thread group... number=1 threads=4 ramp-up=1 perThread=250.0 delayedStart=false
2018-12-04 16:05:12,320 INFO o.a.j.t.JMeterThread: Thread started: Alumnos 1-1
2018-12-04 16:05:12,326 INFO o.a.j.t.ThreadGroup: Started thread group number 1
2018-12-04 16:05:12,327 INFO o.a.j.e.StandardJMeterEngine: All thread groups have been started
2018-12-04 16:05:12,574 INFO o.a.j.t.JMeterThread: Thread started: Alumnos 1-2
2018-12-04 16:05:12,825 INFO o.a.j.t.JMeterThread: Thread started: Alumnos 1-3
2018-12-04 16:05:13,079 INFO o.a.j.t.JMeterThread: Thread started: Alumnos 1-4
2018-12-04 16:05:29,052 INFO o.a.j.t.JMeterThread: Thread is done: Alumnos 1-1
2018-12-04 16:05:29,053 INFO o.a.j.t.JMeterThread: Thread finished: Alumnos 1-1
2018-12-04 16:05:29,649 INFO o.a.j.t.JMeterThread: Thread is done: Alumnos 1-2
2018-12-04 16:05:29,649 INFO o.a.j.t.JMeterThread: Thread finished: Alumnos 1-2
2018-12-04 16:05:29,808 INFO o.a.j.t.JMeterThread: Thread is done: Alumnos 1-3
2018-12-04 16:05:29,809 INFO o.a.j.t.JMeterThread: Thread finished: Alumnos 1-3
2018-12-04 16:05:29,866 INFO o.a.j.t.JMeterThread: Thread is done: Alumnos 1-4
2018-12-04 16:05:29,866 INFO o.a.j.t.JMeterThread: Thread finished: Alumnos 1-4
2018-12-04 16:05:29,866 INFO o.a.j.e.StandardJMeterEngine: Notifying test listeners of end of test
2018-12-04 16:05:29,866 INFO o.a.j.g.u.JMeterMenuBar: setRunning(false, *local*)
2018-12-04 16:05:52,225 INFO o.a.j.e.StandardJMeterEngine: Running the test!
2018-12-04 16:05:52,227 INFO o.a.j.s.SampleEvent: List of sample_variables: []
2018-12-04 16:05:52,230 INFO o.a.j.g.u.JMeterMenuBar: setRunning(true, *local*)
2018-12-04 16:05:52,489 INFO o.a.j.e.StandardJMeterEngine: Starting ThreadGroup: 1 : Alumnos
2018-12-04 16:05:52,489 INFO o.a.j.e.StandardJMeterEngine: Starting 4 threads for group Alumnos.
2018-12-04 16:05:52,489 INFO o.a.j.e.StandardJMeterEngine: Thread will continue on error
2018-12-04 16:05:52,489 INFO o.a.j.t.ThreadGroup: Starting thread group... number=1 threads=4 ramp-up=1 perThread=250.0 delayedStart=false
2018-12-04 16:05:52,490 INFO o.a.j.t.JMeterThread: Thread started: Alumnos 1-1
2018-12-04 16:05:52,494 INFO o.a.j.t.ThreadGroup: Started thread group number 1
2018-12-04 16:05:52,494 INFO o.a.j.e.StandardJMeterEngine: All thread groups have been started
2018-12-04 16:05:52,741 INFO o.a.j.t.JMeterThread: Thread started: Alumnos 1-2
2018-12-04 16:05:52,994 INFO o.a.j.t.JMeterThread: Thread started: Alumnos 1-3
2018-12-04 16:05:53,246 INFO o.a.j.t.JMeterThread: Thread started: Alumnos 1-4
2018-12-04 16:06:07,546 INFO o.a.j.t.JMeterThread: Thread is done: Alumnos 1-1
2018-12-04 16:06:07,547 INFO o.a.j.t.JMeterThread: Thread finished: Alumnos 1-1
2018-12-04 16:06:08,141 INFO o.a.j.t.JMeterThread: Thread is done: Alumnos 1-2
2018-12-04 16:06:08,141 INFO o.a.j.t.JMeterThread: Thread finished: Alumnos 1-2
2018-12-04 16:06:08,350 INFO o.a.j.t.JMeterThread: Thread is done: Alumnos 1-3
2018-12-04 16:06:08,351 INFO o.a.j.t.JMeterThread: Thread finished: Alumnos 1-3
2018-12-04 16:06:08,441 INFO o.a.j.t.JMeterThread: Thread is done: Alumnos 1-4
2018-12-04 16:06:08,442 INFO o.a.j.t.JMeterThread: Thread finished: Alumnos 1-4
2018-12-04 16:06:08,442 INFO o.a.j.e.StandardJMeterEngine: Notifying test listeners of end of test
2018-12-04 16:06:08,442 INFO o.a.j.g.u.JMeterMenuBar: setRunning(false, *local*)
2018-12-04 16:06:12,264 INFO o.a.j.e.StandardJMeterEngine: Running the test!
2018-12-04 16:06:12,265 INFO o.a.j.s.SampleEvent: List of sample_variables: []
2018-12-04 16:06:12,268 INFO o.a.j.g.u.JMeterMenuBar: setRunning(true, *local*)
2018-12-04 16:06:12,511 INFO o.a.j.e.StandardJMeterEngine: Starting ThreadGroup: 1 : Alumnos
2018-12-04 16:06:12,511 INFO o.a.j.e.StandardJMeterEngine: Starting 4 threads for group Alumnos.
2018-12-04 16:06:12,511 INFO o.a.j.e.StandardJMeterEngine: Thread will continue on error
2018-12-04 16:06:12,511 INFO o.a.j.t.ThreadGroup: Starting thread group... number=1 threads=4 ramp-up=1 perThread=250.0 delayedStart=false
2018-12-04 16:06:12,514 INFO o.a.j.t.JMeterThread: Thread started: Alumnos 1-1
2018-12-04 16:06:12,530 INFO o.a.j.t.ThreadGroup: Started thread group number 1
2018-12-04 16:06:12,530 INFO o.a.j.e.StandardJMeterEngine: All thread groups have been started
2018-12-04 16:06:12,766 INFO o.a.j.t.JMeterThread: Thread started: Alumnos 1-2
2018-12-04 16:06:13,030 INFO o.a.j.t.JMeterThread: Thread started: Alumnos 1-3
2018-12-04 16:06:13,282 INFO o.a.j.t.JMeterThread: Thread started: Alumnos 1-4
2018-12-04 16:06:20,307 INFO o.a.j.t.JMeterThread: Thread is done: Alumnos 1-1
2018-12-04 16:06:20,307 INFO o.a.j.t.JMeterThread: Thread finished: Alumnos 1-1
2018-12-04 16:06:20,860 INFO o.a.j.t.JMeterThread: Thread is done: Alumnos 1-2
2018-12-04 16:06:20,860 INFO o.a.j.t.JMeterThread: Thread finished: Alumnos 1-2
2018-12-04 16:06:21,107 INFO o.a.j.t.JMeterThread: Thread is done: Alumnos 1-3
2018-12-04 16:06:21,107 INFO o.a.j.t.JMeterThread: Thread finished: Alumnos 1-3
2018-12-04 16:06:21,187 INFO o.a.j.t.JMeterThread: Thread is done: Alumnos 1-4
2018-12-04 16:06:21,188 INFO o.a.j.t.JMeterThread: Thread finished: Alumnos 1-4
2018-12-04 16:06:21,189 INFO o.a.j.e.StandardJMeterEngine: Notifying test listeners of end of test
2018-12-04 16:06:21,189 INFO o.a.j.g.u.JMeterMenuBar: setRunning(false, *local*)
2018-12-04 16:07:19,978 INFO o.a.j.g.a.Load: Loading file: /home/jjavier98/GII/3º/1er Semestre/ISE/P4/jmeter completo/ETSIIT Alumnos API.jmx
2018-12-04 16:07:19,979 INFO o.a.j.s.FileServer: Set new base='/home/jjavier98/GII/3º/1er Semestre/ISE/P4/jmeter completo'
2018-12-04 16:07:19,979 INFO o.a.j.s.SaveService: Loading file: /home/jjavier98/GII/3º/1er Semestre/ISE/P4/jmeter completo/ETSIIT Alumnos API.jmx
2018-12-04 16:07:20,142 INFO o.a.j.s.FileServer: Set new base='/home/jjavier98/GII/3º/1er Semestre/ISE/P4/jmeter completo'
2018-12-04 16:07:24,188 INFO o.a.j.e.StandardJMeterEngine: Running the test!
2018-12-04 16:07:24,189 INFO o.a.j.s.SampleEvent: List of sample_variables: []
2018-12-04 16:07:24,197 INFO o.a.j.g.u.JMeterMenuBar: setRunning(true, *local*)
2018-12-04 16:07:24,438 INFO o.a.j.e.StandardJMeterEngine: Starting ThreadGroup: 1 : Alumnos
2018-12-04 16:07:24,438 INFO o.a.j.e.StandardJMeterEngine: Starting 200 threads for group Alumnos.
2018-12-04 16:07:24,438 INFO o.a.j.e.StandardJMeterEngine: Thread will continue on error
2018-12-04 16:07:24,438 INFO o.a.j.t.ThreadGroup: Starting thread group... number=1 threads=200 ramp-up=1 perThread=5.0 delayedStart=false
2018-12-04 16:07:24,439 INFO o.a.j.t.JMeterThread: Thread started: Alumnos 1-1
2018-12-04 16:07:24,440 INFO o.a.j.s.FileServer: Stored: /home/jjavier98/GII/3º/1er Semestre/ISE/P4/jmeter completo/jMeter/alumnos.csv Alias: /home/jjavier98/GII/3º/1er Semestre/ISE/P4/jmeter completo/jMeter/alumnos.csv@1175626283
2018-12-04 16:07:24,444 INFO o.a.j.t.JMeterThread: Thread started: Alumnos 1-2
2018-12-04 16:07:24,450 INFO o.a.j.t.JMeterThread: Thread started: Alumnos 1-3
2018-12-04 16:07:24,456 INFO o.a.j.t.JMeterThread: Thread started: Alumnos 1-4
2018-12-04 16:07:24,466 INFO o.a.j.t.JMeterThread: Thread started: Alumnos 1-5
2018-12-04 16:07:24,473 INFO o.a.j.t.JMeterThread: Thread started: Alumnos 1-6
2018-12-04 16:07:24,477 INFO o.a.j.t.JMeterThread: Thread started: Alumnos 1-7
2018-12-04 16:07:24,483 INFO o.a.j.t.JMeterThread: Thread started: Alumnos 1-8
2018-12-04 16:07:24,489 INFO o.a.j.t.JMeterThread: Thread started: Alumnos 1-9
2018-12-04 16:07:24,499 INFO o.a.j.t.JMeterThread: Thread started: Alumnos 1-10
2018-12-04 16:07:24,505 INFO o.a.j.t.JMeterThread: Thread started: Alumnos 1-11
2018-12-04 16:07:24,510 INFO o.a.j.t.JMeterThread: Thread started: Alumnos 1-12
2018-12-04 16:07:24,516 INFO o.a.j.t.JMeterThread: Thread started: Alumnos 1-13
2018-12-04 16:07:24,522 INFO o.a.j.t.JMeterThread: Thread started: Alumnos 1-14
2018-12-04 16:07:24,530 INFO o.a.j.t.JMeterThread: Thread started: Alumnos 1-15
2018-12-04 16:07:24,533 INFO o.a.j.t.JMeterThread: Thread started: Alumnos 1-16
2018-12-04 16:07:24,541 INFO o.a.j.t.JMeterThread: Thread started: Alumnos 1-17
2018-12-04 16:07:24,546 INFO o.a.j.t.JMeterThread: Thread started: Alumnos 1-18
2018-12-04 16:07:24,552 INFO o.a.j.t.JMeterThread: Thread started: Alumnos 1-19
2018-12-04 16:07:24,557 INFO o.a.j.t.JMeterThread: Thread started: Alumnos 1-20
2018-12-04 16:07:24,562 INFO o.a.j.t.JMeterThread: Thread started: Alumnos 1-21
2018-12-04 16:07:24,568 INFO o.a.j.t.JMeterThread: Thread started: Alumnos 1-22
2018-12-04 16:07:24,579 INFO o.a.j.t.JMeterThread: Thread started: Alumnos 1-23
2018-12-04 16:07:24,588 INFO o.a.j.t.JMeterThread: Thread started: Alumnos 1-24
2018-12-04 16:07:24,593 INFO o.a.j.t.JMeterThread: Thread started: Alumnos 1-25
2018-12-04 16:07:24,599 INFO o.a.j.t.JMeterThread: Thread started: Alumnos 1-26
2018-12-04 16:07:24,604 INFO o.a.j.t.JMeterThread: Thread started: Alumnos 1-27
2018-12-04 16:07:24,610 INFO o.a.j.t.JMeterThread: Thread started: Alumnos 1-28
2018-12-04 16:07:24,615 INFO o.a.j.t.JMeterThread: Thread started: Alumnos 1-29
2018-12-04 16:07:24,626 INFO o.a.j.t.JMeterThread: Thread started: Alumnos 1-30
2018-12-04 16:07:24,632 INFO o.a.j.t.JMeterThread: Thread started: Alumnos 1-31
2018-12-04 16:07:24,637 INFO o.a.j.t.JMeterThread: Thread started: Alumnos 1-32
2018-12-04 16:07:24,642 INFO o.a.j.t.ThreadGroup: Started thread group number 1
2018-12-04 16:07:24,643 INFO o.a.j.e.StandardJMeterEngine: Starting ThreadGroup: 2 : Administradores
2018-12-04 16:07:24,643 INFO o.a.j.e.StandardJMeterEngine: Starting 20 threads for group Administradores.
2018-12-04 16:07:24,643 INFO o.a.j.e.StandardJMeterEngine: Thread will continue on error
2018-12-04 16:07:24,643 INFO o.a.j.t.ThreadGroup: Starting thread group... number=2 threads=20 ramp-up=1 perThread=50.0 delayedStart=false
2018-12-04 16:07:24,643 INFO o.a.j.t.JMeterThread: Thread started: Administradores 2-1
2018-12-04 16:07:24,644 INFO o.a.j.t.JMeterThread: Thread started: Alumnos 1-33
2018-12-04 16:07:24,644 INFO o.a.j.s.FileServer: Stored: /home/jjavier98/GII/3º/1er Semestre/ISE/P4/jmeter completo/jMeter/administradores.csv Alias: /home/jjavier98/GII/3º/1er Semestre/ISE/P4/jmeter completo/jMeter/administradores.csv@1989818192
2018-12-04 16:07:24,657 INFO o.a.j.t.JMeterThread: Thread started: Alumnos 1-34
2018-12-04 16:07:24,659 INFO o.a.j.t.JMeterThread: Thread started: Alumnos 1-35
2018-12-04 16:07:24,664 INFO o.a.j.t.JMeterThread: Thread started: Alumnos 1-36
2018-12-04 16:07:24,669 INFO o.a.j.t.ThreadGroup: Started thread group number 2
2018-12-04 16:07:24,669 INFO o.a.j.e.StandardJMeterEngine: All thread groups have been started
2018-12-04 16:07:24,670 INFO o.a.j.t.JMeterThread: Thread started: Alumnos 1-37
2018-12-04 16:07:24,676 INFO o.a.j.t.JMeterThread: Thread started: Alumnos 1-38
2018-12-04 16:07:24,682 INFO o.a.j.t.JMeterThread: Thread started: Alumnos 1-39
2018-12-04 16:07:24,688 INFO o.a.j.t.JMeterThread: Thread started: Alumnos 1-40
2018-12-04 16:07:24,693 INFO o.a.j.t.JMeterThread: Thread started: Alumnos 1-41
2018-12-04 16:07:24,694 INFO o.a.j.t.JMeterThread: Thread started: Administradores 2-2
2018-12-04 16:07:24,697 INFO o.a.j.t.JMeterThread: Thread started: Alumnos 1-42
2018-12-04 16:07:24,702 INFO o.a.j.t.JMeterThread: Thread started: Alumnos 1-43
2018-12-04 16:07:24,711 INFO o.a.j.t.JMeterThread: Thread started: Alumnos 1-44
2018-12-04 16:07:24,712 INFO o.a.j.t.JMeterThread: Thread started: Alumnos 1-45
2018-12-04 16:07:24,719 INFO o.a.j.t.JMeterThread: Thread started: Alumnos 1-46
2018-12-04 16:07:24,724 INFO o.a.j.t.JMeterThread: Thread started: Alumnos 1-47
2018-12-04 16:07:24,732 INFO o.a.j.t.JMeterThread: Thread started: Alumnos 1-48
2018-12-04 16:07:24,741 INFO o.a.j.t.JMeterThread: Thread started: Alumnos 1-49
2018-12-04 16:07:24,749 INFO o.a.j.t.JMeterThread: Thread started: Alumnos 1-50
2018-12-04 16:07:24,750 INFO o.a.j.t.JMeterThread: Thread started: Administradores 2-3
2018-12-04 16:07:24,754 INFO o.a.j.t.JMeterThread: Thread started: Alumnos 1-51
2018-12-04 16:07:24,760 INFO o.a.j.t.JMeterThread: Thread started: Alumnos 1-52
2018-12-04 16:07:24,765 INFO o.a.j.t.JMeterThread: Thread started: Alumnos 1-53
2018-12-04 16:07:24,770 INFO o.a.j.t.JMeterThread: Thread started: Alumnos 1-54
2018-12-04 16:07:24,775 INFO o.a.j.t.JMeterThread: Thread started: Alumnos 1-55
2018-12-04 16:07:24,780 INFO o.a.j.t.JMeterThread: Thread started: Alumnos 1-56
2018-12-04 16:07:24,786 INFO o.a.j.t.JMeterThread: Thread started: Alumnos 1-57
2018-12-04 16:07:24,791 INFO o.a.j.t.JMeterThread: Thread started: Alumnos 1-58
2018-12-04 16:07:24,798 INFO o.a.j.t.JMeterThread: Thread started: Administradores 2-4
2018-12-04 16:07:24,802 INFO o.a.j.t.JMeterThread: Thread started: Alumnos 1-60
2018-12-04 16:07:24,804 INFO o.a.j.t.JMeterThread: Thread started: Alumnos 1-59
2018-12-04 16:07:24,807 INFO o.a.j.t.JMeterThread: Thread started: Alumnos 1-61
2018-12-04 16:07:24,812 INFO o.a.j.t.JMeterThread: Thread started: Alumnos 1-62
2018-12-04 16:07:24,817 INFO o.a.j.t.JMeterThread: Thread started: Alumnos 1-63
2018-12-04 16:07:24,823 INFO o.a.j.t.JMeterThread: Thread started: Alumnos 1-64
2018-12-04 16:07:24,828 INFO o.a.j.t.JMeterThread: Thread started: Alumnos 1-65
2018-12-04 16:07:24,833 INFO o.a.j.t.JMeterThread: Thread started: Alumnos 1-66
2018-12-04 16:07:24,838 INFO o.a.j.t.JMeterThread: Thread started: Alumnos 1-67
2018-12-04 16:07:24,844 INFO o.a.j.t.JMeterThread: Thread started: Alumnos 1-68
2018-12-04 16:07:24,846 INFO o.a.j.t.JMeterThread: Thread started: Administradores 2-5
2018-12-04 16:07:24,852 INFO o.a.j.t.JMeterThread: Thread started: Alumnos 1-69
2018-12-04 16:07:24,858 INFO o.a.j.t.JMeterThread: Thread started: Alumnos 1-70
2018-12-04 16:07:24,863 INFO o.a.j.t.JMeterThread: Thread started: Alumnos 1-71
2018-12-04 16:07:24,868 INFO o.a.j.t.JMeterThread: Thread started: Alumnos 1-72
2018-12-04 16:07:24,873 INFO o.a.j.t.JMeterThread: Thread started: Alumnos 1-73
2018-12-04 16:07:24,879 INFO o.a.j.t.JMeterThread: Thread started: Alumnos 1-74
2018-12-04 16:07:24,884 INFO o.a.j.t.JMeterThread: Thread started: Alumnos 1-75
2018-12-04 16:07:24,890 INFO o.a.j.t.JMeterThread: Thread started: Alumnos 1-76
2018-12-04 16:07:24,896 INFO o.a.j.t.JMeterThread: Thread started: Alumnos 1-77
2018-12-04 16:07:24,896 INFO o.a.j.t.JMeterThread: Thread started: Administradores 2-6
2018-12-04 16:07:24,902 INFO o.a.j.t.JMeterThread: Thread started: Alumnos 1-78
2018-12-04 16:07:24,906 INFO o.a.j.t.JMeterThread: Thread started: Alumnos 1-79
2018-12-04 16:07:24,912 INFO o.a.j.t.JMeterThread: Thread started: Alumnos 1-80
2018-12-04 16:07:24,917 INFO o.a.j.t.JMeterThread: Thread started: Alumnos 1-81
2018-12-04 16:07:24,923 INFO o.a.j.t.JMeterThread: Thread started: Alumnos 1-82
2018-12-04 16:07:24,929 INFO o.a.j.t.JMeterThread: Thread started: Alumnos 1-83
2018-12-04 16:07:24,934 INFO o.a.j.t.JMeterThread: Thread started: Alumnos 1-84
2018-12-04 16:07:24,939 INFO o.a.j.t.JMeterThread: Thread started: Alumnos 1-85
2018-12-04 16:07:24,944 INFO o.a.j.t.JMeterThread: Thread started: Alumnos 1-86
2018-12-04 16:07:24,946 INFO o.a.j.t.JMeterThread: Thread started: Administradores 2-7
2018-12-04 16:07:24,950 INFO o.a.j.t.JMeterThread: Thread started: Alumnos 1-87
2018-12-04 16:07:24,955 INFO o.a.j.t.JMeterThread: Thread started: Alumnos 1-88
2018-12-04 16:07:24,960 INFO o.a.j.t.JMeterThread: Thread started: Alumnos 1-89
2018-12-04 16:07:24,970 INFO o.a.j.t.JMeterThread: Thread started: Alumnos 1-90
2018-12-04 16:07:24,975 INFO o.a.j.t.JMeterThread: Thread started: Alumnos 1-91
2018-12-04 16:07:24,982 INFO o.a.j.t.JMeterThread: Thread started: Alumnos 1-92
2018-12-04 16:07:24,986 INFO o.a.j.t.JMeterThread: Thread started: Alumnos 1-93
2018-12-04 16:07:24,991 INFO o.a.j.t.JMeterThread: Thread started: Alumnos 1-94
2018-12-04 16:07:24,996 INFO o.a.j.t.JMeterThread: Thread started: Alumnos 1-95
2018-12-04 16:07:24,996 INFO o.a.j.t.JMeterThread: Thread started: Administradores 2-8
2018-12-04 16:07:25,001 INFO o.a.j.t.JMeterThread: Thread started: Alumnos 1-96
2018-12-04 16:07:25,007 INFO o.a.j.t.JMeterThread: Thread started: Alumnos 1-97
2018-12-04 16:07:25,012 INFO o.a.j.t.JMeterThread: Thread started: Alumnos 1-98
2018-12-04 16:07:25,018 INFO o.a.j.t.JMeterThread: Thread started: Alumnos 1-99
2018-12-04 16:07:25,024 INFO o.a.j.t.JMeterThread: Thread is done: Alumnos 1-4
2018-12-04 16:07:25,025 INFO o.a.j.t.JMeterThread: Thread finished: Alumnos 1-4
2018-12-04 16:07:25,027 INFO o.a.j.t.JMeterThread: Thread started: Alumnos 1-100
2018-12-04 16:07:25,031 INFO o.a.j.t.JMeterThread: Thread started: Alumnos 1-101
2018-12-04 16:07:25,037 INFO o.a.j.t.JMeterThread: Thread started: Alumnos 1-102
2018-12-04 16:07:25,043 INFO o.a.j.t.JMeterThread: Thread started: Alumnos 1-103
2018-12-04 16:07:25,047 INFO o.a.j.t.JMeterThread: Thread started: Administradores 2-9
2018-12-04 16:07:25,050 INFO o.a.j.t.JMeterThread: Thread started: Alumnos 1-104
2018-12-04 16:07:25,068 INFO o.a.j.t.JMeterThread: Thread started: Alumnos 1-105
2018-12-04 16:07:25,074 INFO o.a.j.t.JMeterThread: Thread started: Alumnos 1-106
2018-12-04 16:07:25,079 INFO o.a.j.t.JMeterThread: Thread started: Alumnos 1-107
2018-12-04 16:07:25,084 INFO o.a.j.t.JMeterThread: Thread started: Alumnos 1-108
2018-12-04 16:07:25,090 INFO o.a.j.t.JMeterThread: Thread started: Alumnos 1-109
2018-12-04 16:07:25,096 INFO o.a.j.t.JMeterThread: Thread started: Alumnos 1-110
2018-12-04 16:07:25,107 INFO o.a.j.t.JMeterThread: Thread started: Alumnos 1-111
2018-12-04 16:07:25,109 INFO o.a.j.t.JMeterThread: Thread started: Administradores 2-10
2018-12-04 16:07:25,120 INFO o.a.j.t.JMeterThread: Thread started: Alumnos 1-112
2018-12-04 16:07:25,125 INFO o.a.j.t.JMeterThread: Thread started: Alumnos 1-113
2018-12-04 16:07:25,126 INFO o.a.j.t.JMeterThread: Thread started: Alumnos 1-114
2018-12-04 16:07:25,132 INFO o.a.j.t.JMeterThread: Thread started: Alumnos 1-115
2018-12-04 16:07:25,137 INFO o.a.j.t.JMeterThread: Thread started: Alumnos 1-116
2018-12-04 16:07:25,142 INFO o.a.j.t.JMeterThread: Thread started: Alumnos 1-117
2018-12-04 16:07:25,147 INFO o.a.j.t.JMeterThread: Thread started: Alumnos 1-118
2018-12-04 16:07:25,147 INFO o.a.j.t.JMeterThread: Thread started: Administradores 2-11
2018-12-04 16:07:25,153 INFO o.a.j.t.JMeterThread: Thread started: Alumnos 1-119
2018-12-04 16:07:25,159 INFO o.a.j.t.JMeterThread: Thread started: Alumnos 1-120
2018-12-04 16:07:25,164 INFO o.a.j.t.JMeterThread: Thread started: Alumnos 1-121
2018-12-04 16:07:25,175 INFO o.a.j.t.JMeterThread: Thread started: Alumnos 1-122
2018-12-04 16:07:25,176 INFO o.a.j.t.JMeterThread: Thread started: Alumnos 1-123
2018-12-04 16:07:25,181 INFO o.a.j.t.JMeterThread: Thread started: Alumnos 1-124
2018-12-04 16:07:25,191 INFO o.a.j.t.JMeterThread: Thread started: Alumnos 1-125
2018-12-04 16:07:25,197 INFO o.a.j.t.JMeterThread: Thread started: Alumnos 1-126
2018-12-04 16:07:25,199 INFO o.a.j.t.JMeterThread: Thread started: Administradores 2-12
2018-12-04 16:07:25,203 INFO o.a.j.t.JMeterThread: Thread started: Alumnos 1-127
2018-12-04 16:07:25,208 INFO o.a.j.t.JMeterThread: Thread started: Alumnos 1-128
2018-12-04 16:07:25,213 INFO o.a.j.t.JMeterThread: Thread started: Alumnos 1-129
2018-12-04 16:07:25,218 INFO o.a.j.t.JMeterThread: Thread started: Alumnos 1-130
2018-12-04 16:07:25,224 INFO o.a.j.t.JMeterThread: Thread started: Alumnos 1-131
2018-12-04 16:07:25,229 INFO o.a.j.t.JMeterThread: Thread started: Alumnos 1-132
2018-12-04 16:07:25,234 INFO o.a.j.t.JMeterThread: Thread started: Alumnos 1-133
2018-12-04 16:07:25,240 INFO o.a.j.t.JMeterThread: Thread started: Alumnos 1-134
2018-12-04 16:07:25,245 INFO o.a.j.t.JMeterThread: Thread started: Alumnos 1-135
2018-12-04 16:07:25,249 INFO o.a.j.t.JMeterThread: Thread started: Administradores 2-13
2018-12-04 16:07:25,250 INFO o.a.j.t.JMeterThread: Thread started: Alumnos 1-136
2018-12-04 16:07:25,256 INFO o.a.j.t.JMeterThread: Thread started: Alumnos 1-137
2018-12-04 16:07:25,261 INFO o.a.j.t.JMeterThread: Thread started: Alumnos 1-138
2018-12-04 16:07:25,267 INFO o.a.j.t.JMeterThread: Thread started: Alumnos 1-139
2018-12-04 16:07:25,273 INFO o.a.j.t.JMeterThread: Thread started: Alumnos 1-140
2018-12-04 16:07:25,279 INFO o.a.j.t.JMeterThread: Thread started: Alumnos 1-141
2018-12-04 16:07:25,284 INFO o.a.j.t.JMeterThread: Thread started: Alumnos 1-142
2018-12-04 16:07:25,290 INFO o.a.j.t.JMeterThread: Thread started: Alumnos 1-143
2018-12-04 16:07:25,296 INFO o.a.j.t.JMeterThread: Thread started: Alumnos 1-144
2018-12-04 16:07:25,299 INFO o.a.j.t.JMeterThread: Thread started: Administradores 2-14
2018-12-04 16:07:25,301 INFO o.a.j.t.JMeterThread: Thread started: Alumnos 1-145
2018-12-04 16:07:25,307 INFO o.a.j.t.JMeterThread: Thread started: Alumnos 1-146
2018-12-04 16:07:25,312 INFO o.a.j.t.JMeterThread: Thread started: Alumnos 1-147
2018-12-04 16:07:25,317 INFO o.a.j.t.JMeterThread: Thread started: Alumnos 1-148
2018-12-04 16:07:25,323 INFO o.a.j.t.JMeterThread: Thread started: Alumnos 1-149
2018-12-04 16:07:25,328 INFO o.a.j.t.JMeterThread: Thread started: Alumnos 1-150
2018-12-04 16:07:25,333 INFO o.a.j.t.JMeterThread: Thread started: Alumnos 1-151
2018-12-04 16:07:25,338 INFO o.a.j.t.JMeterThread: Thread started: Alumnos 1-152
2018-12-04 16:07:25,344 INFO o.a.j.t.JMeterThread: Thread started: Alumnos 1-153
2018-12-04 16:07:25,349 INFO o.a.j.t.JMeterThread: Thread started: Alumnos 1-154
2018-12-04 16:07:25,350 INFO o.a.j.t.JMeterThread: Thread started: Administradores 2-15
2018-12-04 16:07:25,354 INFO o.a.j.t.JMeterThread: Thread started: Alumnos 1-155
2018-12-04 16:07:25,359 INFO o.a.j.t.JMeterThread: Thread started: Alumnos 1-156
2018-12-04 16:07:25,365 INFO o.a.j.t.JMeterThread: Thread started: Alumnos 1-157
2018-12-04 16:07:25,379 INFO o.a.j.t.JMeterThread: Thread started: Alumnos 1-158
2018-12-04 16:07:25,384 INFO o.a.j.t.JMeterThread: Thread started: Alumnos 1-159
2018-12-04 16:07:25,392 INFO o.a.j.t.JMeterThread: Thread started: Alumnos 1-160
2018-12-04 16:07:25,397 INFO o.a.j.t.JMeterThread: Thread started: Alumnos 1-161
2018-12-04 16:07:25,406 INFO o.a.j.t.JMeterThread: Thread started: Alumnos 1-162
2018-12-04 16:07:25,407 INFO o.a.j.t.JMeterThread: Thread started: Administradores 2-16
2018-12-04 16:07:25,412 INFO o.a.j.t.JMeterThread: Thread started: Alumnos 1-163
2018-12-04 16:07:25,421 INFO o.a.j.t.JMeterThread: Thread started: Alumnos 1-164
2018-12-04 16:07:25,432 INFO o.a.j.t.JMeterThread: Thread started: Alumnos 1-165
2018-12-04 16:07:25,438 INFO o.a.j.t.JMeterThread: Thread started: Alumnos 1-166
2018-12-04 16:07:25,442 INFO o.a.j.t.JMeterThread: Thread started: Alumnos 1-167
2018-12-04 16:07:25,448 INFO o.a.j.t.JMeterThread: Thread started: Alumnos 1-168
2018-12-04 16:07:25,455 INFO o.a.j.t.JMeterThread: Thread started: Alumnos 1-169
2018-12-04 16:07:25,459 INFO o.a.j.t.JMeterThread: Thread is done: Alumnos 1-14
2018-12-04 16:07:25,459 INFO o.a.j.t.JMeterThread: Thread finished: Alumnos 1-14
2018-12-04 16:07:25,461 INFO o.a.j.t.JMeterThread: Thread started: Alumnos 1-170
2018-12-04 16:07:25,465 INFO o.a.j.t.JMeterThread: Thread started: Administradores 2-17
2018-12-04 16:07:25,467 INFO o.a.j.t.JMeterThread: Thread started: Alumnos 1-171
2018-12-04 16:07:25,472 INFO o.a.j.t.JMeterThread: Thread started: Alumnos 1-172
2018-12-04 16:07:25,480 INFO o.a.j.t.JMeterThread: Thread started: Alumnos 1-173
2018-12-04 16:07:25,485 INFO o.a.j.t.JMeterThread: Thread started: Alumnos 1-174
2018-12-04 16:07:25,490 INFO o.a.j.t.JMeterThread: Thread started: Alumnos 1-175
2018-12-04 16:07:25,496 INFO o.a.j.t.JMeterThread: Thread started: Alumnos 1-176
2018-12-04 16:07:25,504 INFO o.a.j.t.JMeterThread: Thread started: Alumnos 1-177
2018-12-04 16:07:25,512 INFO o.a.j.t.JMeterThread: Thread started: Alumnos 1-178
2018-12-04 16:07:25,515 INFO o.a.j.t.JMeterThread: Thread started: Administradores 2-18
2018-12-04 16:07:25,519 INFO o.a.j.t.JMeterThread: Thread started: Alumnos 1-179
2018-12-04 16:07:25,523 INFO o.a.j.t.JMeterThread: Thread started: Alumnos 1-180
2018-12-04 16:07:25,529 INFO o.a.j.t.JMeterThread: Thread started: Alumnos 1-181
2018-12-04 16:07:25,534 INFO o.a.j.t.JMeterThread: Thread started: Alumnos 1-182
2018-12-04 16:07:25,539 INFO o.a.j.t.JMeterThread: Thread started: Alumnos 1-183
2018-12-04 16:07:25,544 INFO o.a.j.t.JMeterThread: Thread started: Alumnos 1-184
2018-12-04 16:07:25,552 INFO o.a.j.t.JMeterThread: Thread started: Alumnos 1-185
2018-12-04 16:07:25,555 INFO o.a.j.t.JMeterThread: Thread started: Alumnos 1-186
2018-12-04 16:07:25,560 INFO o.a.j.t.JMeterThread: Thread started: Alumnos 1-187
2018-12-04 16:07:25,566 INFO o.a.j.t.JMeterThread: Thread started: Alumnos 1-188
2018-12-04 16:07:25,569 INFO o.a.j.t.JMeterThread: Thread started: Administradores 2-19
2018-12-04 16:07:25,571 INFO o.a.j.t.JMeterThread: Thread started: Alumnos 1-189
2018-12-04 16:07:25,579 INFO o.a.j.t.JMeterThread: Thread started: Alumnos 1-190
2018-12-04 16:07:25,589 INFO o.a.j.t.JMeterThread: Thread started: Alumnos 1-191
2018-12-04 16:07:25,595 INFO o.a.j.t.JMeterThread: Thread started: Alumnos 1-192
2018-12-04 16:07:25,601 INFO o.a.j.t.JMeterThread: Thread started: Alumnos 1-193
2018-12-04 16:07:25,606 INFO o.a.j.t.JMeterThread: Thread started: Alumnos 1-194
2018-12-04 16:07:25,611 INFO o.a.j.t.JMeterThread: Thread started: Alumnos 1-195
2018-12-04 16:07:25,617 INFO o.a.j.t.JMeterThread: Thread started: Alumnos 1-196
2018-12-04 16:07:25,621 INFO o.a.j.t.JMeterThread: Thread started: Administradores 2-20
2018-12-04 16:07:25,622 INFO o.a.j.t.JMeterThread: Thread started: Alumnos 1-197
2018-12-04 16:07:25,627 INFO o.a.j.t.JMeterThread: Thread started: Alumnos 1-198
2018-12-04 16:07:25,632 INFO o.a.j.t.JMeterThread: Thread started: Alumnos 1-199
2018-12-04 16:07:25,638 INFO o.a.j.t.JMeterThread: Thread started: Alumnos 1-200
2018-12-04 16:07:25,676 INFO o.a.j.t.JMeterThread: Thread is done: Alumnos 1-8
2018-12-04 16:07:25,676 INFO o.a.j.t.JMeterThread: Thread finished: Alumnos 1-8
2018-12-04 16:07:25,677 INFO o.a.j.t.JMeterThread: Thread is done: Alumnos 1-1
2018-12-04 16:07:25,677 INFO o.a.j.t.JMeterThread: Thread finished: Alumnos 1-1
2018-12-04 16:07:26,219 INFO o.a.j.t.JMeterThread: Thread is done: Alumnos 1-9
2018-12-04 16:07:26,219 INFO o.a.j.t.JMeterThread: Thread finished: Alumnos 1-9
2018-12-04 16:07:26,224 INFO o.a.j.t.JMeterThread: Thread is done: Alumnos 1-2
2018-12-04 16:07:26,224 INFO o.a.j.t.JMeterThread: Thread finished: Alumnos 1-2
2018-12-04 16:07:26,227 INFO o.a.j.t.JMeterThread: Thread is done: Alumnos 1-6
2018-12-04 16:07:26,227 INFO o.a.j.t.JMeterThread: Thread finished: Alumnos 1-6
2018-12-04 16:07:26,228 INFO o.a.j.t.JMeterThread: Thread is done: Alumnos 1-7
2018-12-04 16:07:26,228 INFO o.a.j.t.JMeterThread: Thread finished: Alumnos 1-7
2018-12-04 16:07:26,230 INFO o.a.j.t.JMeterThread: Thread is done: Alumnos 1-17
2018-12-04 16:07:26,231 INFO o.a.j.t.JMeterThread: Thread finished: Alumnos 1-17
2018-12-04 16:07:26,231 INFO o.a.j.t.JMeterThread: Thread is done: Alumnos 1-22
2018-12-04 16:07:26,231 INFO o.a.j.t.JMeterThread: Thread finished: Alumnos 1-22
2018-12-04 16:07:26,529 INFO o.a.j.t.JMeterThread: Thread is done: Alumnos 1-12
2018-12-04 16:07:26,529 INFO o.a.j.t.JMeterThread: Thread finished: Alumnos 1-12
2018-12-04 16:07:26,532 INFO o.a.j.t.JMeterThread: Thread is done: Alumnos 1-19
2018-12-04 16:07:26,532 INFO o.a.j.t.JMeterThread: Thread finished: Alumnos 1-19
2018-12-04 16:07:26,537 INFO o.a.j.t.JMeterThread: Thread is done: Alumnos 1-5
2018-12-04 16:07:26,538 INFO o.a.j.t.JMeterThread: Thread finished: Alumnos 1-5
2018-12-04 16:07:26,539 INFO o.a.j.t.JMeterThread: Thread is done: Alumnos 1-3
2018-12-04 16:07:26,539 INFO o.a.j.t.JMeterThread: Thread finished: Alumnos 1-3
2018-12-04 16:07:26,544 INFO o.a.j.t.JMeterThread: Thread is done: Alumnos 1-11
2018-12-04 16:07:26,544 INFO o.a.j.t.JMeterThread: Thread finished: Alumnos 1-11
2018-12-04 16:07:26,866 INFO o.a.j.t.JMeterThread: Thread is done: Alumnos 1-24
2018-12-04 16:07:26,866 INFO o.a.j.t.JMeterThread: Thread finished: Alumnos 1-24
2018-12-04 16:07:26,869 INFO o.a.j.t.JMeterThread: Thread is done: Alumnos 1-35
2018-12-04 16:07:26,869 INFO o.a.j.t.JMeterThread: Thread finished: Alumnos 1-35
2018-12-04 16:07:26,897 INFO o.a.j.t.JMeterThread: Thread is done: Alumnos 1-28
2018-12-04 16:07:26,898 INFO o.a.j.t.JMeterThread: Thread finished: Alumnos 1-28
2018-12-04 16:07:27,201 WARN o.a.j.u.JMeterUtils: ERROR! Resource string not found: [label]
2018-12-04 16:07:27,202 WARN o.a.j.u.JMeterUtils: ERROR! Resource string not found: [label]
2018-12-04 16:07:27,203 WARN o.a.j.u.JMeterUtils: ERROR! Resource string not found: [label]
2018-12-04 16:07:27,203 WARN o.a.j.u.JMeterUtils: ERROR! Resource string not found: [label]
2018-12-04 16:07:27,204 WARN o.a.j.u.JMeterUtils: ERROR! Resource string not found: [label]
2018-12-04 16:07:27,206 WARN o.a.j.u.JMeterUtils: ERROR! Resource string not found: [label]
2018-12-04 16:07:27,206 WARN o.a.j.u.JMeterUtils: ERROR! Resource string not found: [#_samples]
2018-12-04 16:07:27,206 WARN o.a.j.u.JMeterUtils: ERROR! Resource string not found: [median]
2018-12-04 16:07:27,206 WARN o.a.j.u.JMeterUtils: ERROR! Resource string not found: [90%_line]
2018-12-04 16:07:27,206 WARN o.a.j.u.JMeterUtils: ERROR! Resource string not found: [95%_line]
2018-12-04 16:07:27,206 WARN o.a.j.u.JMeterUtils: ERROR! Resource string not found: [99%_line]
2018-12-04 16:07:27,206 WARN o.a.j.u.JMeterUtils: ERROR! Resource string not found: [min]
2018-12-04 16:07:27,206 WARN o.a.j.u.JMeterUtils: ERROR! Resource string not found: [error_%]
2018-12-04 16:07:27,206 WARN o.a.j.u.JMeterUtils: ERROR! Resource string not found: [throughput]
2018-12-04 16:07:27,206 WARN o.a.j.u.JMeterUtils: ERROR! Resource string not found: [received_kb/sec]
2018-12-04 16:07:27,206 WARN o.a.j.u.JMeterUtils: ERROR! Resource string not found: [sent_kb/sec]
2018-12-04 16:07:27,249 WARN o.a.j.u.JMeterUtils: ERROR! Resource string not found: [label]
2018-12-04 16:07:27,250 WARN o.a.j.u.JMeterUtils: ERROR! Resource string not found: [label]
2018-12-04 16:07:27,251 WARN o.a.j.u.JMeterUtils: ERROR! Resource string not found: [label]
2018-12-04 16:07:27,301 WARN o.a.j.u.JMeterUtils: ERROR! Resource string not found: [label]
2018-12-04 16:07:27,301 WARN o.a.j.u.JMeterUtils: ERROR! Resource string not found: [#_samples]
2018-12-04 16:07:27,302 WARN o.a.j.u.JMeterUtils: ERROR! Resource string not found: [median]
2018-12-04 16:07:27,302 WARN o.a.j.u.JMeterUtils: ERROR! Resource string not found: [90%_line]
2018-12-04 16:07:27,302 WARN o.a.j.u.JMeterUtils: ERROR! Resource string not found: [95%_line]
2018-12-04 16:07:27,302 WARN o.a.j.u.JMeterUtils: ERROR! Resource string not found: [99%_line]
2018-12-04 16:07:27,302 WARN o.a.j.u.JMeterUtils: ERROR! Resource string not found: [min]
2018-12-04 16:07:27,302 WARN o.a.j.u.JMeterUtils: ERROR! Resource string not found: [error_%]
2018-12-04 16:07:27,302 WARN o.a.j.u.JMeterUtils: ERROR! Resource string not found: [throughput]
2018-12-04 16:07:27,302 WARN o.a.j.u.JMeterUtils: ERROR! Resource string not found: [received_kb/sec]
2018-12-04 16:07:27,302 WARN o.a.j.u.JMeterUtils: ERROR! Resource string not found: [sent_kb/sec]
2018-12-04 16:07:27,348 INFO o.a.j.t.JMeterThread: Thread is done: Alumnos 1-13
2018-12-04 16:07:27,348 INFO o.a.j.t.JMeterThread: Thread finished: Alumnos 1-13
2018-12-04 16:07:27,349 INFO o.a.j.t.JMeterThread: Thread is done: Alumnos 1-43
2018-12-04 16:07:27,349 INFO o.a.j.t.JMeterThread: Thread finished: Alumnos 1-43
2018-12-04 16:07:27,356 INFO o.a.j.t.JMeterThread: Thread is done: Alumnos 1-29
2018-12-04 16:07:27,356 INFO o.a.j.t.JMeterThread: Thread finished: Alumnos 1-29
2018-12-04 16:07:27,367 INFO o.a.j.t.JMeterThread: Thread is done: Alumnos 1-18
2018-12-04 16:07:27,368 INFO o.a.j.t.JMeterThread: Thread finished: Alumnos 1-18
2018-12-04 16:07:27,371 INFO o.a.j.t.JMeterThread: Thread is done: Alumnos 1-15
2018-12-04 16:07:27,371 INFO o.a.j.t.JMeterThread: Thread finished: Alumnos 1-15
2018-12-04 16:07:27,373 INFO o.a.j.t.JMeterThread: Thread is done: Alumnos 1-20
2018-12-04 16:07:27,373 INFO o.a.j.t.JMeterThread: Thread finished: Alumnos 1-20
2018-12-04 16:07:27,385 INFO o.a.j.t.JMeterThread: Thread is done: Alumnos 1-23
2018-12-04 16:07:27,385 INFO o.a.j.t.JMeterThread: Thread finished: Alumnos 1-23
2018-12-04 16:07:27,683 INFO o.a.j.t.JMeterThread: Thread is done: Alumnos 1-33
2018-12-04 16:07:27,683 INFO o.a.j.t.JMeterThread: Thread finished: Alumnos 1-33
2018-12-04 16:07:27,691 INFO o.a.j.t.JMeterThread: Thread is done: Alumnos 1-44
2018-12-04 16:07:27,691 INFO o.a.j.t.JMeterThread: Thread finished: Alumnos 1-44
2018-12-04 16:07:27,693 INFO o.a.j.t.JMeterThread: Thread is done: Alumnos 1-27
2018-12-04 16:07:27,693 INFO o.a.j.t.JMeterThread: Thread finished: Alumnos 1-27
2018-12-04 16:07:27,698 INFO o.a.j.t.JMeterThread: Thread is done: Alumnos 1-10
2018-12-04 16:07:27,698 INFO o.a.j.t.JMeterThread: Thread finished: Alumnos 1-10
2018-12-04 16:07:27,698 INFO o.a.j.t.JMeterThread: Thread is done: Alumnos 1-41
2018-12-04 16:07:27,698 INFO o.a.j.t.JMeterThread: Thread finished: Alumnos 1-41
2018-12-04 16:07:27,710 INFO o.a.j.t.JMeterThread: Thread is done: Administradores 2-2
2018-12-04 16:07:27,711 INFO o.a.j.t.JMeterThread: Thread finished: Administradores 2-2
2018-12-04 16:07:28,054 INFO o.a.j.t.JMeterThread: Thread is done: Alumnos 1-39
2018-12-04 16:07:28,054 INFO o.a.j.t.JMeterThread: Thread finished: Alumnos 1-39
2018-12-04 16:07:28,059 INFO o.a.j.t.JMeterThread: Thread is done: Alumnos 1-32
2018-12-04 16:07:28,059 INFO o.a.j.t.JMeterThread: Thread finished: Alumnos 1-32
2018-12-04 16:07:28,060 INFO o.a.j.t.JMeterThread: Thread is done: Alumnos 1-68
2018-12-04 16:07:28,060 INFO o.a.j.t.JMeterThread: Thread finished: Alumnos 1-68
2018-12-04 16:07:28,062 INFO o.a.j.t.JMeterThread: Thread is done: Alumnos 1-38
2018-12-04 16:07:28,062 INFO o.a.j.t.JMeterThread: Thread finished: Alumnos 1-38
2018-12-04 16:07:28,063 INFO o.a.j.t.JMeterThread: Thread is done: Alumnos 1-62
2018-12-04 16:07:28,063 INFO o.a.j.t.JMeterThread: Thread finished: Alumnos 1-62
2018-12-04 16:07:28,064 INFO o.a.j.t.JMeterThread: Thread is done: Alumnos 1-34
2018-12-04 16:07:28,064 INFO o.a.j.t.JMeterThread: Thread finished: Alumnos 1-34
2018-12-04 16:07:28,072 INFO o.a.j.t.JMeterThread: Thread is done: Alumnos 1-46
2018-12-04 16:07:28,072 INFO o.a.j.t.JMeterThread: Thread finished: Alumnos 1-46
2018-12-04 16:07:28,073 INFO o.a.j.t.JMeterThread: Thread is done: Alumnos 1-53
2018-12-04 16:07:28,073 INFO o.a.j.t.JMeterThread: Thread finished: Alumnos 1-53
2018-12-04 16:07:28,084 INFO o.a.j.t.JMeterThread: Thread is done: Alumnos 1-31
2018-12-04 16:07:28,084 INFO o.a.j.t.JMeterThread: Thread finished: Alumnos 1-31
2018-12-04 16:07:28,085 INFO o.a.j.t.JMeterThread: Thread is done: Alumnos 1-40
2018-12-04 16:07:28,085 INFO o.a.j.t.JMeterThread: Thread finished: Alumnos 1-40
2018-12-04 16:07:28,086 INFO o.a.j.t.JMeterThread: Thread is done: Alumnos 1-42
2018-12-04 16:07:28,087 INFO o.a.j.t.JMeterThread: Thread finished: Alumnos 1-42
2018-12-04 16:07:28,087 INFO o.a.j.t.JMeterThread: Thread is done: Alumnos 1-61
2018-12-04 16:07:28,087 INFO o.a.j.t.JMeterThread: Thread finished: Alumnos 1-61
2018-12-04 16:07:28,091 INFO o.a.j.t.JMeterThread: Thread is done: Alumnos 1-25
2018-12-04 16:07:28,091 INFO o.a.j.t.JMeterThread: Thread finished: Alumnos 1-25
2018-12-04 16:07:28,092 INFO o.a.j.t.JMeterThread: Thread is done: Alumnos 1-63
2018-12-04 16:07:28,092 INFO o.a.j.t.JMeterThread: Thread finished: Alumnos 1-63
2018-12-04 16:07:28,094 INFO o.a.j.t.JMeterThread: Thread is done: Alumnos 1-26
2018-12-04 16:07:28,094 INFO o.a.j.t.JMeterThread: Thread finished: Alumnos 1-26
2018-12-04 16:07:28,095 INFO o.a.j.t.JMeterThread: Thread is done: Alumnos 1-51
2018-12-04 16:07:28,095 INFO o.a.j.t.JMeterThread: Thread finished: Alumnos 1-51
2018-12-04 16:07:28,365 INFO o.a.j.t.JMeterThread: Thread is done: Alumnos 1-37
2018-12-04 16:07:28,365 INFO o.a.j.t.JMeterThread: Thread finished: Alumnos 1-37
2018-12-04 16:07:28,365 INFO o.a.j.t.JMeterThread: Thread is done: Alumnos 1-56
2018-12-04 16:07:28,366 INFO o.a.j.t.JMeterThread: Thread finished: Alumnos 1-56
2018-12-04 16:07:28,366 INFO o.a.j.t.JMeterThread: Thread is done: Alumnos 1-16
2018-12-04 16:07:28,366 INFO o.a.j.t.JMeterThread: Thread finished: Alumnos 1-16
2018-12-04 16:07:28,369 INFO o.a.j.t.JMeterThread: Thread is done: Alumnos 1-78
2018-12-04 16:07:28,369 INFO o.a.j.t.JMeterThread: Thread is done: Alumnos 1-57
2018-12-04 16:07:28,369 INFO o.a.j.t.JMeterThread: Thread finished: Alumnos 1-78
2018-12-04 16:07:28,369 INFO o.a.j.t.JMeterThread: Thread is done: Alumnos 1-71
2018-12-04 16:07:28,370 INFO o.a.j.t.JMeterThread: Thread finished: Alumnos 1-71
2018-12-04 16:07:28,370 INFO o.a.j.t.JMeterThread: Thread is done: Alumnos 1-49
2018-12-04 16:07:28,370 INFO o.a.j.t.JMeterThread: Thread finished: Alumnos 1-49
2018-12-04 16:07:28,370 INFO o.a.j.t.JMeterThread: Thread finished: Alumnos 1-57
2018-12-04 16:07:28,373 INFO o.a.j.t.JMeterThread: Thread is done: Administradores 2-5
2018-12-04 16:07:28,373 INFO o.a.j.t.JMeterThread: Thread finished: Administradores 2-5
2018-12-04 16:07:28,378 INFO o.a.j.t.JMeterThread: Thread is done: Alumnos 1-48
2018-12-04 16:07:28,379 INFO o.a.j.t.JMeterThread: Thread finished: Alumnos 1-48
2018-12-04 16:07:28,379 INFO o.a.j.t.JMeterThread: Thread is done: Alumnos 1-50
2018-12-04 16:07:28,380 INFO o.a.j.t.JMeterThread: Thread finished: Alumnos 1-50
2018-12-04 16:07:28,385 INFO o.a.j.t.JMeterThread: Thread is done: Alumnos 1-66
2018-12-04 16:07:28,385 INFO o.a.j.t.JMeterThread: Thread is done: Administradores 2-4
2018-12-04 16:07:28,385 INFO o.a.j.t.JMeterThread: Thread finished: Alumnos 1-66
2018-12-04 16:07:28,385 INFO o.a.j.t.JMeterThread: Thread finished: Administradores 2-4
2018-12-04 16:07:28,385 INFO o.a.j.t.JMeterThread: Thread is done: Alumnos 1-65
2018-12-04 16:07:28,385 INFO o.a.j.t.JMeterThread: Thread is done: Administradores 2-1
2018-12-04 16:07:28,385 INFO o.a.j.t.JMeterThread: Thread finished: Administradores 2-1
2018-12-04 16:07:28,386 INFO o.a.j.t.JMeterThread: Thread is done: Alumnos 1-36
2018-12-04 16:07:28,386 INFO o.a.j.t.JMeterThread: Thread finished: Alumnos 1-36
2018-12-04 16:07:28,385 INFO o.a.j.t.JMeterThread: Thread finished: Alumnos 1-65
2018-12-04 16:07:28,388 INFO o.a.j.t.JMeterThread: Thread is done: Alumnos 1-21
2018-12-04 16:07:28,388 INFO o.a.j.t.JMeterThread: Thread finished: Alumnos 1-21
2018-12-04 16:07:28,385 INFO o.a.j.t.JMeterThread: Thread is done: Alumnos 1-91
2018-12-04 16:07:28,389 INFO o.a.j.t.JMeterThread: Thread finished: Alumnos 1-91
2018-12-04 16:07:28,635 INFO o.a.j.t.JMeterThread: Thread is done: Alumnos 1-87
2018-12-04 16:07:28,635 INFO o.a.j.t.JMeterThread: Thread finished: Alumnos 1-87
2018-12-04 16:07:28,635 INFO o.a.j.t.JMeterThread: Thread is done: Alumnos 1-59
2018-12-04 16:07:28,635 INFO o.a.j.t.JMeterThread: Thread finished: Alumnos 1-59
2018-12-04 16:07:28,636 INFO o.a.j.t.JMeterThread: Thread is done: Alumnos 1-89
2018-12-04 16:07:28,636 INFO o.a.j.t.JMeterThread: Thread finished: Alumnos 1-89
2018-12-04 16:07:28,637 INFO o.a.j.t.JMeterThread: Thread is done: Alumnos 1-94
2018-12-04 16:07:28,637 INFO o.a.j.t.JMeterThread: Thread finished: Alumnos 1-94
2018-12-04 16:07:28,639 INFO o.a.j.t.JMeterThread: Thread is done: Alumnos 1-64
2018-12-04 16:07:28,639 INFO o.a.j.t.JMeterThread: Thread finished: Alumnos 1-64
2018-12-04 16:07:28,639 INFO o.a.j.t.JMeterThread: Thread is done: Alumnos 1-81
2018-12-04 16:07:28,639 INFO o.a.j.t.JMeterThread: Thread finished: Alumnos 1-81
2018-12-04 16:07:28,640 INFO o.a.j.t.JMeterThread: Thread is done: Alumnos 1-85
2018-12-04 16:07:28,640 INFO o.a.j.t.JMeterThread: Thread finished: Alumnos 1-85
2018-12-04 16:07:28,641 INFO o.a.j.t.JMeterThread: Thread is done: Alumnos 1-93
2018-12-04 16:07:28,641 INFO o.a.j.t.JMeterThread: Thread finished: Alumnos 1-93
2018-12-04 16:07:28,641 INFO o.a.j.t.JMeterThread: Thread is done: Alumnos 1-45
2018-12-04 16:07:28,642 INFO o.a.j.t.JMeterThread: Thread finished: Alumnos 1-45
2018-12-04 16:07:28,642 INFO o.a.j.t.JMeterThread: Thread is done: Alumnos 1-76
2018-12-04 16:07:28,643 INFO o.a.j.t.JMeterThread: Thread finished: Alumnos 1-76
2018-12-04 16:07:28,643 INFO o.a.j.t.JMeterThread: Thread is done: Alumnos 1-72
2018-12-04 16:07:28,643 INFO o.a.j.t.JMeterThread: Thread finished: Alumnos 1-72
2018-12-04 16:07:28,651 INFO o.a.j.t.JMeterThread: Thread is done: Alumnos 1-60
2018-12-04 16:07:28,651 INFO o.a.j.t.JMeterThread: Thread is done: Alumnos 1-52
2018-12-04 16:07:28,651 INFO o.a.j.t.JMeterThread: Thread finished: Alumnos 1-60
2018-12-04 16:07:28,651 INFO o.a.j.t.JMeterThread: Thread is done: Alumnos 1-82
2018-12-04 16:07:28,651 INFO o.a.j.t.JMeterThread: Thread finished: Alumnos 1-82
2018-12-04 16:07:28,652 INFO o.a.j.t.JMeterThread: Thread is done: Alumnos 1-70
2018-12-04 16:07:28,652 INFO o.a.j.t.JMeterThread: Thread is done: Alumnos 1-99
2018-12-04 16:07:28,652 INFO o.a.j.t.JMeterThread: Thread finished: Alumnos 1-70
2018-12-04 16:07:28,652 INFO o.a.j.t.JMeterThread: Thread is done: Alumnos 1-88
2018-12-04 16:07:28,652 INFO o.a.j.t.JMeterThread: Thread is done: Alumnos 1-73
2018-12-04 16:07:28,652 INFO o.a.j.t.JMeterThread: Thread finished: Alumnos 1-73
2018-12-04 16:07:28,652 INFO o.a.j.t.JMeterThread: Thread finished: Alumnos 1-52
2018-12-04 16:07:28,652 INFO o.a.j.t.JMeterThread: Thread finished: Alumnos 1-88
2018-12-04 16:07:28,652 INFO o.a.j.t.JMeterThread: Thread is done: Alumnos 1-102
2018-12-04 16:07:28,652 INFO o.a.j.t.JMeterThread: Thread finished: Alumnos 1-102
2018-12-04 16:07:28,653 INFO o.a.j.t.JMeterThread: Thread finished: Alumnos 1-99
2018-12-04 16:07:28,653 INFO o.a.j.t.JMeterThread: Thread is done: Alumnos 1-58
2018-12-04 16:07:28,653 INFO o.a.j.t.JMeterThread: Thread finished: Alumnos 1-58
2018-12-04 16:07:28,653 INFO o.a.j.t.JMeterThread: Thread is done: Alumnos 1-30
2018-12-04 16:07:28,653 INFO o.a.j.t.JMeterThread: Thread finished: Alumnos 1-30
2018-12-04 16:07:28,653 INFO o.a.j.t.JMeterThread: Thread is done: Alumnos 1-67
2018-12-04 16:07:28,653 INFO o.a.j.t.JMeterThread: Thread finished: Alumnos 1-67
2018-12-04 16:07:28,653 INFO o.a.j.t.JMeterThread: Thread is done: Alumnos 1-54
2018-12-04 16:07:28,654 INFO o.a.j.t.JMeterThread: Thread finished: Alumnos 1-54
2018-12-04 16:07:28,654 INFO o.a.j.t.JMeterThread: Thread is done: Alumnos 1-74
2018-12-04 16:07:28,654 INFO o.a.j.t.JMeterThread: Thread finished: Alumnos 1-74
2018-12-04 16:07:28,653 INFO o.a.j.t.JMeterThread: Thread is done: Alumnos 1-55
2018-12-04 16:07:28,654 INFO o.a.j.t.JMeterThread: Thread finished: Alumnos 1-55
2018-12-04 16:07:28,655 INFO o.a.j.t.JMeterThread: Thread is done: Administradores 2-6
2018-12-04 16:07:28,655 INFO o.a.j.t.JMeterThread: Thread finished: Administradores 2-6
2018-12-04 16:07:28,656 INFO o.a.j.t.JMeterThread: Thread is done: Alumnos 1-90
2018-12-04 16:07:28,656 INFO o.a.j.t.JMeterThread: Thread is done: Alumnos 1-103
2018-12-04 16:07:28,656 INFO o.a.j.t.JMeterThread: Thread finished: Alumnos 1-90
2018-12-04 16:07:28,656 INFO o.a.j.t.JMeterThread: Thread finished: Alumnos 1-103
2018-12-04 16:07:28,657 INFO o.a.j.t.JMeterThread: Thread is done: Alumnos 1-80
2018-12-04 16:07:28,657 INFO o.a.j.t.JMeterThread: Thread finished: Alumnos 1-80
2018-12-04 16:07:28,661 INFO o.a.j.t.JMeterThread: Thread is done: Administradores 2-3
2018-12-04 16:07:28,661 INFO o.a.j.t.JMeterThread: Thread finished: Administradores 2-3
2018-12-04 16:07:28,921 INFO o.a.j.t.JMeterThread: Thread is done: Alumnos 1-145
2018-12-04 16:07:28,921 INFO o.a.j.t.JMeterThread: Thread finished: Alumnos 1-145
2018-12-04 16:07:28,922 INFO o.a.j.t.JMeterThread: Thread is done: Alumnos 1-136
2018-12-04 16:07:28,922 INFO o.a.j.t.JMeterThread: Thread finished: Alumnos 1-136
2018-12-04 16:07:28,923 INFO o.a.j.t.JMeterThread: Thread is done: Alumnos 1-77
2018-12-04 16:07:28,923 INFO o.a.j.t.JMeterThread: Thread finished: Alumnos 1-77
2018-12-04 16:07:28,925 INFO o.a.j.t.JMeterThread: Thread is done: Alumnos 1-100
2018-12-04 16:07:28,925 INFO o.a.j.t.JMeterThread: Thread finished: Alumnos 1-100
2018-12-04 16:07:28,926 INFO o.a.j.t.JMeterThread: Thread is done: Alumnos 1-115
2018-12-04 16:07:28,926 INFO o.a.j.t.JMeterThread: Thread finished: Alumnos 1-115
2018-12-04 16:07:28,927 INFO o.a.j.t.JMeterThread: Thread is done: Alumnos 1-96
2018-12-04 16:07:28,927 INFO o.a.j.t.JMeterThread: Thread finished: Alumnos 1-96
2018-12-04 16:07:28,928 INFO o.a.j.t.JMeterThread: Thread is done: Alumnos 1-79
2018-12-04 16:07:28,928 INFO o.a.j.t.JMeterThread: Thread finished: Alumnos 1-79
2018-12-04 16:07:28,929 INFO o.a.j.t.JMeterThread: Thread is done: Alumnos 1-69
2018-12-04 16:07:28,929 INFO o.a.j.t.JMeterThread: Thread finished: Alumnos 1-69
2018-12-04 16:07:28,930 INFO o.a.j.t.JMeterThread: Thread is done: Alumnos 1-131
2018-12-04 16:07:28,930 INFO o.a.j.t.JMeterThread: Thread finished: Alumnos 1-131
2018-12-04 16:07:28,931 INFO o.a.j.t.JMeterThread: Thread is done: Alumnos 1-139
2018-12-04 16:07:28,931 INFO o.a.j.t.JMeterThread: Thread finished: Alumnos 1-139
2018-12-04 16:07:28,932 INFO o.a.j.t.JMeterThread: Thread is done: Alumnos 1-123
2018-12-04 16:07:28,932 INFO o.a.j.t.JMeterThread: Thread finished: Alumnos 1-123
2018-12-04 16:07:28,935 INFO o.a.j.t.JMeterThread: Thread is done: Alumnos 1-108
2018-12-04 16:07:28,935 INFO o.a.j.t.JMeterThread: Thread finished: Alumnos 1-108
2018-12-04 16:07:28,937 INFO o.a.j.t.JMeterThread: Thread is done: Alumnos 1-95
2018-12-04 16:07:28,937 INFO o.a.j.t.JMeterThread: Thread finished: Alumnos 1-95
2018-12-04 16:07:28,938 INFO o.a.j.t.JMeterThread: Thread is done: Alumnos 1-92
2018-12-04 16:07:28,938 INFO o.a.j.t.JMeterThread: Thread finished: Alumnos 1-92
2018-12-04 16:07:28,940 INFO o.a.j.t.JMeterThread: Thread is done: Alumnos 1-134
2018-12-04 16:07:28,940 INFO o.a.j.t.JMeterThread: Thread finished: Alumnos 1-134
2018-12-04 16:07:28,941 INFO o.a.j.t.JMeterThread: Thread is done: Administradores 2-10
2018-12-04 16:07:28,941 INFO o.a.j.t.JMeterThread: Thread finished: Administradores 2-10
2018-12-04 16:07:28,945 INFO o.a.j.t.JMeterThread: Thread is done: Alumnos 1-98
2018-12-04 16:07:28,946 INFO o.a.j.t.JMeterThread: Thread is done: Alumnos 1-109
2018-12-04 16:07:28,946 INFO o.a.j.t.JMeterThread: Thread finished: Alumnos 1-109
2018-12-04 16:07:28,944 INFO o.a.j.t.JMeterThread: Thread is done: Alumnos 1-120
2018-12-04 16:07:28,953 INFO o.a.j.t.JMeterThread: Thread finished: Alumnos 1-120
2018-12-04 16:07:28,944 INFO o.a.j.t.JMeterThread: Thread is done: Alumnos 1-142
2018-12-04 16:07:28,955 INFO o.a.j.t.JMeterThread: Thread finished: Alumnos 1-142
2018-12-04 16:07:28,945 INFO o.a.j.t.JMeterThread: Thread finished: Alumnos 1-98
2018-12-04 16:07:28,952 INFO o.a.j.t.JMeterThread: Thread is done: Alumnos 1-117
2018-12-04 16:07:28,952 INFO o.a.j.t.JMeterThread: Thread is done: Alumnos 1-86
2018-12-04 16:07:28,955 INFO o.a.j.t.JMeterThread: Thread finished: Alumnos 1-117
2018-12-04 16:07:28,955 INFO o.a.j.t.JMeterThread: Thread finished: Alumnos 1-86
2018-12-04 16:07:28,956 INFO o.a.j.t.JMeterThread: Thread is done: Alumnos 1-119
2018-12-04 16:07:28,956 INFO o.a.j.t.JMeterThread: Thread finished: Alumnos 1-119
2018-12-04 16:07:28,951 INFO o.a.j.t.JMeterThread: Thread is done: Alumnos 1-111
2018-12-04 16:07:28,957 INFO o.a.j.t.JMeterThread: Thread is done: Alumnos 1-97
2018-12-04 16:07:28,957 INFO o.a.j.t.JMeterThread: Thread finished: Alumnos 1-111
2018-12-04 16:07:28,957 INFO o.a.j.t.JMeterThread: Thread finished: Alumnos 1-97
2018-12-04 16:07:28,949 INFO o.a.j.t.JMeterThread: Thread is done: Alumnos 1-110
2018-12-04 16:07:28,957 INFO o.a.j.t.JMeterThread: Thread finished: Alumnos 1-110
2018-12-04 16:07:28,948 INFO o.a.j.t.JMeterThread: Thread is done: Alumnos 1-75
2018-12-04 16:07:28,958 INFO o.a.j.t.JMeterThread: Thread finished: Alumnos 1-75
2018-12-04 16:07:28,948 INFO o.a.j.t.JMeterThread: Thread is done: Alumnos 1-105
2018-12-04 16:07:28,958 INFO o.a.j.t.JMeterThread: Thread finished: Alumnos 1-105
2018-12-04 16:07:28,947 INFO o.a.j.t.JMeterThread: Thread is done: Alumnos 1-107
2018-12-04 16:07:28,958 INFO o.a.j.t.JMeterThread: Thread finished: Alumnos 1-107
2018-12-04 16:07:28,947 INFO o.a.j.t.JMeterThread: Thread is done: Alumnos 1-128
2018-12-04 16:07:28,958 INFO o.a.j.t.JMeterThread: Thread finished: Alumnos 1-128
2018-12-04 16:07:28,960 INFO o.a.j.t.JMeterThread: Thread is done: Alumnos 1-113
2018-12-04 16:07:28,960 INFO o.a.j.t.JMeterThread: Thread finished: Alumnos 1-113
2018-12-04 16:07:28,961 INFO o.a.j.t.JMeterThread: Thread is done: Alumnos 1-124
2018-12-04 16:07:28,961 INFO o.a.j.t.JMeterThread: Thread is done: Alumnos 1-84
2018-12-04 16:07:28,961 INFO o.a.j.t.JMeterThread: Thread finished: Alumnos 1-124
2018-12-04 16:07:28,961 INFO o.a.j.t.JMeterThread: Thread is done: Alumnos 1-121
2018-12-04 16:07:28,961 INFO o.a.j.t.JMeterThread: Thread finished: Alumnos 1-121
2018-12-04 16:07:28,961 INFO o.a.j.t.JMeterThread: Thread is done: Alumnos 1-83
2018-12-04 16:07:28,961 INFO o.a.j.t.JMeterThread: Thread finished: Alumnos 1-83
2018-12-04 16:07:28,963 INFO o.a.j.t.JMeterThread: Thread is done: Alumnos 1-101
2018-12-04 16:07:28,963 INFO o.a.j.t.JMeterThread: Thread finished: Alumnos 1-101
2018-12-04 16:07:28,946 INFO o.a.j.t.JMeterThread: Thread is done: Alumnos 1-114
2018-12-04 16:07:28,964 INFO o.a.j.t.JMeterThread: Thread finished: Alumnos 1-114
2018-12-04 16:07:28,942 INFO o.a.j.t.JMeterThread: Thread is done: Alumnos 1-47
2018-12-04 16:07:28,967 INFO o.a.j.t.JMeterThread: Thread finished: Alumnos 1-47
2018-12-04 16:07:28,967 INFO o.a.j.t.JMeterThread: Thread finished: Alumnos 1-84
2018-12-04 16:07:28,943 INFO o.a.j.t.JMeterThread: Thread is done: Alumnos 1-133
2018-12-04 16:07:28,968 INFO o.a.j.t.JMeterThread: Thread finished: Alumnos 1-133
2018-12-04 16:07:28,954 INFO o.a.j.t.JMeterThread: Thread is done: Administradores 2-9
2018-12-04 16:07:28,969 INFO o.a.j.t.JMeterThread: Thread finished: Administradores 2-9
2018-12-04 16:07:29,179 INFO o.a.j.t.JMeterThread: Thread is done: Alumnos 1-129
2018-12-04 16:07:29,180 INFO o.a.j.t.JMeterThread: Thread finished: Alumnos 1-129
2018-12-04 16:07:29,180 INFO o.a.j.t.JMeterThread: Thread is done: Alumnos 1-127
2018-12-04 16:07:29,181 INFO o.a.j.t.JMeterThread: Thread finished: Alumnos 1-127
2018-12-04 16:07:29,182 INFO o.a.j.t.JMeterThread: Thread is done: Alumnos 1-106
2018-12-04 16:07:29,182 INFO o.a.j.t.JMeterThread: Thread finished: Alumnos 1-106
2018-12-04 16:07:29,182 INFO o.a.j.t.JMeterThread: Thread is done: Alumnos 1-149
2018-12-04 16:07:29,182 INFO o.a.j.t.JMeterThread: Thread finished: Alumnos 1-149
2018-12-04 16:07:29,183 INFO o.a.j.t.JMeterThread: Thread is done: Alumnos 1-167
2018-12-04 16:07:29,184 INFO o.a.j.t.JMeterThread: Thread finished: Alumnos 1-167
2018-12-04 16:07:29,184 INFO o.a.j.t.JMeterThread: Thread is done: Alumnos 1-152
2018-12-04 16:07:29,185 INFO o.a.j.t.JMeterThread: Thread finished: Alumnos 1-152
2018-12-04 16:07:29,185 INFO o.a.j.t.JMeterThread: Thread is done: Alumnos 1-147
2018-12-04 16:07:29,186 INFO o.a.j.t.JMeterThread: Thread finished: Alumnos 1-147
2018-12-04 16:07:29,186 INFO o.a.j.t.JMeterThread: Thread is done: Alumnos 1-168
2018-12-04 16:07:29,186 INFO o.a.j.t.JMeterThread: Thread finished: Alumnos 1-168
2018-12-04 16:07:29,187 INFO o.a.j.t.JMeterThread: Thread is done: Alumnos 1-116
2018-12-04 16:07:29,187 INFO o.a.j.t.JMeterThread: Thread finished: Alumnos 1-116
2018-12-04 16:07:29,188 INFO o.a.j.t.JMeterThread: Thread is done: Administradores 2-8
2018-12-04 16:07:29,188 INFO o.a.j.t.JMeterThread: Thread finished: Administradores 2-8
2018-12-04 16:07:29,189 INFO o.a.j.t.JMeterThread: Thread is done: Alumnos 1-160
2018-12-04 16:07:29,189 INFO o.a.j.t.JMeterThread: Thread finished: Alumnos 1-160
2018-12-04 16:07:29,190 INFO o.a.j.t.JMeterThread: Thread is done: Alumnos 1-130
2018-12-04 16:07:29,190 INFO o.a.j.t.JMeterThread: Thread finished: Alumnos 1-130
2018-12-04 16:07:29,191 INFO o.a.j.t.JMeterThread: Thread is done: Alumnos 1-151
2018-12-04 16:07:29,191 INFO o.a.j.t.JMeterThread: Thread finished: Alumnos 1-151
2018-12-04 16:07:29,192 INFO o.a.j.t.JMeterThread: Thread is done: Alumnos 1-118
2018-12-04 16:07:29,192 INFO o.a.j.t.JMeterThread: Thread finished: Alumnos 1-118
2018-12-04 16:07:29,192 INFO o.a.j.t.JMeterThread: Thread is done: Alumnos 1-138
2018-12-04 16:07:29,192 INFO o.a.j.t.JMeterThread: Thread finished: Alumnos 1-138
2018-12-04 16:07:29,193 INFO o.a.j.t.JMeterThread: Thread is done: Alumnos 1-154
2018-12-04 16:07:29,193 INFO o.a.j.t.JMeterThread: Thread finished: Alumnos 1-154
2018-12-04 16:07:29,194 INFO o.a.j.t.JMeterThread: Thread is done: Alumnos 1-104
2018-12-04 16:07:29,194 INFO o.a.j.t.JMeterThread: Thread finished: Alumnos 1-104
2018-12-04 16:07:29,195 INFO o.a.j.t.JMeterThread: Thread is done: Alumnos 1-158
2018-12-04 16:07:29,195 INFO o.a.j.t.JMeterThread: Thread finished: Alumnos 1-158
2018-12-04 16:07:29,196 INFO o.a.j.t.JMeterThread: Thread is done: Alumnos 1-140
2018-12-04 16:07:29,196 INFO o.a.j.t.JMeterThread: Thread finished: Alumnos 1-140
2018-12-04 16:07:29,197 INFO o.a.j.t.JMeterThread: Thread is done: Alumnos 1-143
2018-12-04 16:07:29,197 INFO o.a.j.t.JMeterThread: Thread finished: Alumnos 1-143
2018-12-04 16:07:29,198 INFO o.a.j.t.JMeterThread: Thread is done: Alumnos 1-161
2018-12-04 16:07:29,198 INFO o.a.j.t.JMeterThread: Thread finished: Alumnos 1-161
2018-12-04 16:07:29,198 INFO o.a.j.t.JMeterThread: Thread is done: Alumnos 1-148
2018-12-04 16:07:29,198 INFO o.a.j.t.JMeterThread: Thread finished: Alumnos 1-148
2018-12-04 16:07:29,199 INFO o.a.j.t.JMeterThread: Thread is done: Alumnos 1-150
2018-12-04 16:07:29,199 INFO o.a.j.t.JMeterThread: Thread finished: Alumnos 1-150
2018-12-04 16:07:29,201 INFO o.a.j.t.JMeterThread: Thread is done: Administradores 2-7
2018-12-04 16:07:29,201 INFO o.a.j.t.JMeterThread: Thread finished: Administradores 2-7
2018-12-04 16:07:29,325 INFO o.a.j.t.JMeterThread: Thread is done: Alumnos 1-172
2018-12-04 16:07:29,325 INFO o.a.j.t.JMeterThread: Thread finished: Alumnos 1-172
2018-12-04 16:07:29,326 INFO o.a.j.t.JMeterThread: Thread is done: Alumnos 1-176
2018-12-04 16:07:29,326 INFO o.a.j.t.JMeterThread: Thread finished: Alumnos 1-176
2018-12-04 16:07:29,327 INFO o.a.j.t.JMeterThread: Thread is done: Alumnos 1-163
2018-12-04 16:07:29,327 INFO o.a.j.t.JMeterThread: Thread finished: Alumnos 1-163
2018-12-04 16:07:29,328 INFO o.a.j.t.JMeterThread: Thread is done: Alumnos 1-180
2018-12-04 16:07:29,328 INFO o.a.j.t.JMeterThread: Thread finished: Alumnos 1-180
2018-12-04 16:07:29,329 INFO o.a.j.t.JMeterThread: Thread is done: Alumnos 1-156
2018-12-04 16:07:29,329 INFO o.a.j.t.JMeterThread: Thread finished: Alumnos 1-156
2018-12-04 16:07:29,329 INFO o.a.j.t.JMeterThread: Thread is done: Alumnos 1-196
2018-12-04 16:07:29,330 INFO o.a.j.t.JMeterThread: Thread finished: Alumnos 1-196
2018-12-04 16:07:29,331 INFO o.a.j.t.JMeterThread: Thread is done: Administradores 2-13
2018-12-04 16:07:29,331 INFO o.a.j.t.JMeterThread: Thread finished: Administradores 2-13
2018-12-04 16:07:29,331 INFO o.a.j.t.JMeterThread: Thread is done: Alumnos 1-135
2018-12-04 16:07:29,331 INFO o.a.j.t.JMeterThread: Thread finished: Alumnos 1-135
2018-12-04 16:07:29,333 INFO o.a.j.t.JMeterThread: Thread is done: Alumnos 1-169
2018-12-04 16:07:29,333 INFO o.a.j.t.JMeterThread: Thread finished: Alumnos 1-169
2018-12-04 16:07:29,333 INFO o.a.j.t.JMeterThread: Thread is done: Alumnos 1-125
2018-12-04 16:07:29,333 INFO o.a.j.t.JMeterThread: Thread finished: Alumnos 1-125
2018-12-04 16:07:29,335 INFO o.a.j.t.JMeterThread: Thread is done: Alumnos 1-141
2018-12-04 16:07:29,335 INFO o.a.j.t.JMeterThread: Thread finished: Alumnos 1-141
2018-12-04 16:07:29,336 INFO o.a.j.t.JMeterThread: Thread is done: Alumnos 1-155
2018-12-04 16:07:29,336 INFO o.a.j.t.JMeterThread: Thread finished: Alumnos 1-155
2018-12-04 16:07:29,337 INFO o.a.j.t.JMeterThread: Thread is done: Alumnos 1-184
2018-12-04 16:07:29,337 INFO o.a.j.t.JMeterThread: Thread finished: Alumnos 1-184
2018-12-04 16:07:29,338 INFO o.a.j.t.JMeterThread: Thread is done: Alumnos 1-191
2018-12-04 16:07:29,338 INFO o.a.j.t.JMeterThread: Thread finished: Alumnos 1-191
2018-12-04 16:07:29,338 INFO o.a.j.t.JMeterThread: Thread is done: Alumnos 1-171
2018-12-04 16:07:29,339 INFO o.a.j.t.JMeterThread: Thread finished: Alumnos 1-171
2018-12-04 16:07:29,340 INFO o.a.j.t.JMeterThread: Thread is done: Alumnos 1-122
2018-12-04 16:07:29,340 INFO o.a.j.t.JMeterThread: Thread finished: Alumnos 1-122
2018-12-04 16:07:29,340 INFO o.a.j.t.JMeterThread: Thread is done: Alumnos 1-177
2018-12-04 16:07:29,340 INFO o.a.j.t.JMeterThread: Thread finished: Alumnos 1-177
2018-12-04 16:07:29,342 INFO o.a.j.t.JMeterThread: Thread is done: Alumnos 1-195
2018-12-04 16:07:29,342 INFO o.a.j.t.JMeterThread: Thread finished: Alumnos 1-195
2018-12-04 16:07:29,342 INFO o.a.j.t.JMeterThread: Thread is done: Alumnos 1-157
2018-12-04 16:07:29,342 INFO o.a.j.t.JMeterThread: Thread finished: Alumnos 1-157
2018-12-04 16:07:29,343 INFO o.a.j.t.JMeterThread: Thread is done: Alumnos 1-146
2018-12-04 16:07:29,343 INFO o.a.j.t.JMeterThread: Thread finished: Alumnos 1-146
2018-12-04 16:07:29,344 INFO o.a.j.t.JMeterThread: Thread is done: Administradores 2-11
2018-12-04 16:07:29,344 INFO o.a.j.t.JMeterThread: Thread finished: Administradores 2-11
2018-12-04 16:07:29,345 INFO o.a.j.t.JMeterThread: Thread is done: Alumnos 1-112
2018-12-04 16:07:29,345 INFO o.a.j.t.JMeterThread: Thread finished: Alumnos 1-112
2018-12-04 16:07:29,345 INFO o.a.j.t.JMeterThread: Thread is done: Alumnos 1-178
2018-12-04 16:07:29,345 INFO o.a.j.t.JMeterThread: Thread finished: Alumnos 1-178
2018-12-04 16:07:29,346 INFO o.a.j.t.JMeterThread: Thread is done: Alumnos 1-132
2018-12-04 16:07:29,346 INFO o.a.j.t.JMeterThread: Thread finished: Alumnos 1-132
2018-12-04 16:07:29,347 INFO o.a.j.t.JMeterThread: Thread is done: Alumnos 1-174
2018-12-04 16:07:29,347 INFO o.a.j.t.JMeterThread: Thread finished: Alumnos 1-174
2018-12-04 16:07:29,348 INFO o.a.j.t.JMeterThread: Thread is done: Alumnos 1-137
2018-12-04 16:07:29,348 INFO o.a.j.t.JMeterThread: Thread finished: Alumnos 1-137
2018-12-04 16:07:29,349 INFO o.a.j.t.JMeterThread: Thread is done: Alumnos 1-166
2018-12-04 16:07:29,349 INFO o.a.j.t.JMeterThread: Thread finished: Alumnos 1-166
2018-12-04 16:07:29,350 INFO o.a.j.t.JMeterThread: Thread is done: Alumnos 1-188
2018-12-04 16:07:29,350 INFO o.a.j.t.JMeterThread: Thread finished: Alumnos 1-188
2018-12-04 16:07:29,352 INFO o.a.j.t.JMeterThread: Thread is done: Administradores 2-12
2018-12-04 16:07:29,352 INFO o.a.j.t.JMeterThread: Thread finished: Administradores 2-12
2018-12-04 16:07:29,353 INFO o.a.j.t.JMeterThread: Thread is done: Alumnos 1-159
2018-12-04 16:07:29,353 INFO o.a.j.t.JMeterThread: Thread finished: Alumnos 1-159
2018-12-04 16:07:29,354 INFO o.a.j.t.JMeterThread: Thread is done: Alumnos 1-126
2018-12-04 16:07:29,354 INFO o.a.j.t.JMeterThread: Thread finished: Alumnos 1-126
2018-12-04 16:07:29,355 INFO o.a.j.t.JMeterThread: Thread is done: Alumnos 1-162
2018-12-04 16:07:29,355 INFO o.a.j.t.JMeterThread: Thread finished: Alumnos 1-162
2018-12-04 16:07:29,356 INFO o.a.j.t.JMeterThread: Thread is done: Alumnos 1-190
2018-12-04 16:07:29,356 INFO o.a.j.t.JMeterThread: Thread finished: Alumnos 1-190
2018-12-04 16:07:29,357 INFO o.a.j.t.JMeterThread: Thread is done: Alumnos 1-153
2018-12-04 16:07:29,357 INFO o.a.j.t.JMeterThread: Thread finished: Alumnos 1-153
2018-12-04 16:07:29,357 INFO o.a.j.t.JMeterThread: Thread is done: Alumnos 1-144
2018-12-04 16:07:29,358 INFO o.a.j.t.JMeterThread: Thread finished: Alumnos 1-144
2018-12-04 16:07:29,358 INFO o.a.j.t.JMeterThread: Thread is done: Alumnos 1-179
2018-12-04 16:07:29,358 INFO o.a.j.t.JMeterThread: Thread finished: Alumnos 1-179
2018-12-04 16:07:29,430 INFO o.a.j.t.JMeterThread: Thread is done: Alumnos 1-185
2018-12-04 16:07:29,430 INFO o.a.j.t.JMeterThread: Thread finished: Alumnos 1-185
2018-12-04 16:07:29,430 INFO o.a.j.t.JMeterThread: Thread is done: Alumnos 1-165
2018-12-04 16:07:29,430 INFO o.a.j.t.JMeterThread: Thread finished: Alumnos 1-165
2018-12-04 16:07:29,431 INFO o.a.j.t.JMeterThread: Thread is done: Alumnos 1-170
2018-12-04 16:07:29,431 INFO o.a.j.t.JMeterThread: Thread finished: Alumnos 1-170
2018-12-04 16:07:29,432 INFO o.a.j.t.JMeterThread: Thread is done: Alumnos 1-186
2018-12-04 16:07:29,432 INFO o.a.j.t.JMeterThread: Thread finished: Alumnos 1-186
2018-12-04 16:07:29,433 INFO o.a.j.t.JMeterThread: Thread is done: Administradores 2-20
2018-12-04 16:07:29,433 INFO o.a.j.t.JMeterThread: Thread finished: Administradores 2-20
2018-12-04 16:07:29,434 INFO o.a.j.t.JMeterThread: Thread is done: Alumnos 1-200
2018-12-04 16:07:29,434 INFO o.a.j.t.JMeterThread: Thread finished: Alumnos 1-200
2018-12-04 16:07:29,443 INFO o.a.j.t.JMeterThread: Thread is done: Alumnos 1-187
2018-12-04 16:07:29,443 INFO o.a.j.t.JMeterThread: Thread finished: Alumnos 1-187
2018-12-04 16:07:29,444 INFO o.a.j.t.JMeterThread: Thread is done: Alumnos 1-164
2018-12-04 16:07:29,444 INFO o.a.j.t.JMeterThread: Thread finished: Alumnos 1-164
2018-12-04 16:07:29,444 INFO o.a.j.t.JMeterThread: Thread is done: Alumnos 1-189
2018-12-04 16:07:29,444 INFO o.a.j.t.JMeterThread: Thread finished: Alumnos 1-189
2018-12-04 16:07:29,445 INFO o.a.j.t.JMeterThread: Thread is done: Alumnos 1-181
2018-12-04 16:07:29,445 INFO o.a.j.t.JMeterThread: Thread finished: Alumnos 1-181
2018-12-04 16:07:29,450 INFO o.a.j.t.JMeterThread: Thread is done: Alumnos 1-183
2018-12-04 16:07:29,450 INFO o.a.j.t.JMeterThread: Thread finished: Alumnos 1-183
2018-12-04 16:07:29,452 INFO o.a.j.t.JMeterThread: Thread is done: Alumnos 1-173
2018-12-04 16:07:29,452 INFO o.a.j.t.JMeterThread: Thread finished: Alumnos 1-173
2018-12-04 16:07:29,452 INFO o.a.j.t.JMeterThread: Thread is done: Alumnos 1-192
2018-12-04 16:07:29,452 INFO o.a.j.t.JMeterThread: Thread finished: Alumnos 1-192
2018-12-04 16:07:29,453 INFO o.a.j.t.JMeterThread: Thread is done: Alumnos 1-193
2018-12-04 16:07:29,453 INFO o.a.j.t.JMeterThread: Thread finished: Alumnos 1-193
2018-12-04 16:07:29,458 INFO o.a.j.t.JMeterThread: Thread is done: Alumnos 1-194
2018-12-04 16:07:29,458 INFO o.a.j.t.JMeterThread: Thread finished: Alumnos 1-194
2018-12-04 16:07:29,459 INFO o.a.j.t.JMeterThread: Thread is done: Administradores 2-14
2018-12-04 16:07:29,459 INFO o.a.j.t.JMeterThread: Thread finished: Administradores 2-14
2018-12-04 16:07:29,460 INFO o.a.j.t.JMeterThread: Thread is done: Alumnos 1-198
2018-12-04 16:07:29,460 INFO o.a.j.t.JMeterThread: Thread finished: Alumnos 1-198
2018-12-04 16:07:29,461 INFO o.a.j.t.JMeterThread: Thread is done: Alumnos 1-182
2018-12-04 16:07:29,461 INFO o.a.j.t.JMeterThread: Thread finished: Alumnos 1-182
2018-12-04 16:07:29,466 INFO o.a.j.t.JMeterThread: Thread is done: Alumnos 1-199
2018-12-04 16:07:29,466 INFO o.a.j.t.JMeterThread: Thread finished: Alumnos 1-199
2018-12-04 16:07:29,468 INFO o.a.j.t.JMeterThread: Thread is done: Alumnos 1-175
2018-12-04 16:07:29,468 INFO o.a.j.t.JMeterThread: Thread finished: Alumnos 1-175
2018-12-04 16:07:29,468 INFO o.a.j.t.JMeterThread: Thread is done: Alumnos 1-197
2018-12-04 16:07:29,468 INFO o.a.j.t.JMeterThread: Thread finished: Alumnos 1-197
2018-12-04 16:07:29,470 INFO o.a.j.t.JMeterThread: Thread is done: Administradores 2-19
2018-12-04 16:07:29,470 INFO o.a.j.t.JMeterThread: Thread finished: Administradores 2-19
2018-12-04 16:07:29,496 INFO o.a.j.t.JMeterThread: Thread is done: Administradores 2-18
2018-12-04 16:07:29,496 INFO o.a.j.t.JMeterThread: Thread finished: Administradores 2-18
2018-12-04 16:07:29,497 INFO o.a.j.t.JMeterThread: Thread is done: Administradores 2-17
2018-12-04 16:07:29,497 INFO o.a.j.t.JMeterThread: Thread finished: Administradores 2-17
2018-12-04 16:07:29,497 INFO o.a.j.t.JMeterThread: Thread is done: Administradores 2-16
2018-12-04 16:07:29,497 INFO o.a.j.t.JMeterThread: Thread finished: Administradores 2-16
2018-12-04 16:07:29,503 INFO o.a.j.t.JMeterThread: Thread is done: Administradores 2-15
2018-12-04 16:07:29,503 INFO o.a.j.t.JMeterThread: Thread finished: Administradores 2-15
2018-12-04 16:07:29,503 INFO o.a.j.e.StandardJMeterEngine: Notifying test listeners of end of test
2018-12-04 16:07:29,503 INFO o.a.j.s.FileServer: Close: /home/jjavier98/GII/3º/1er Semestre/ISE/P4/jmeter completo/jMeter/administradores.csv@1989818192
2018-12-04 16:07:29,504 INFO o.a.j.s.FileServer: Close: /home/jjavier98/GII/3º/1er Semestre/ISE/P4/jmeter completo/jMeter/alumnos.csv@1175626283
2018-12-04 16:07:29,504 INFO o.a.j.g.u.JMeterMenuBar: setRunning(false, *local*)
2018-12-04 16:08:08,470 INFO o.a.j.g.a.Load: Loading file: /home/jjavier98/Descargas/ExamenP4-Martes.jmx
2018-12-04 16:08:08,470 INFO o.a.j.s.FileServer: Set new base='/home/jjavier98/Descargas'
2018-12-04 16:08:08,470 INFO o.a.j.s.SaveService: Loading file: /home/jjavier98/Descargas/ExamenP4-Martes.jmx
2018-12-04 16:08:08,553 INFO o.a.j.s.FileServer: Set new base='/home/jjavier98/Descargas'
2018-12-04 16:08:25,471 INFO o.a.j.g.a.Load: Loading file: /home/jjavier98/Descargas/ETSIIT Alumnos API.jmx
2018-12-04 16:08:25,471 INFO o.a.j.s.FileServer: Set new base='/home/jjavier98/Descargas'
2018-12-04 16:08:25,471 INFO o.a.j.s.SaveService: Loading file: /home/jjavier98/Descargas/ETSIIT Alumnos API.jmx
2018-12-04 16:08:25,661 INFO o.a.j.s.FileServer: Set new base='/home/jjavier98/Descargas'
2018-12-04 16:09:11,974 INFO o.a.j.g.a.Load: Loading file: /home/jjavier98/Descargas/ExamenP4-Martes.jmx
2018-12-04 16:09:11,978 INFO o.a.j.s.FileServer: Set new base='/home/jjavier98/Descargas'
2018-12-04 16:09:11,978 INFO o.a.j.s.SaveService: Loading file: /home/jjavier98/Descargas/ExamenP4-Martes.jmx
2018-12-04 16:09:12,052 INFO o.a.j.s.FileServer: Set new base='/home/jjavier98/Descargas'
2018-12-04 16:09:31,866 INFO o.a.j.g.a.Load: Loading file: /home/jjavier98/Descargas/ETSIIT Alumnos API.jmx
2018-12-04 16:09:31,866 INFO o.a.j.s.FileServer: Set new base='/home/jjavier98/Descargas'
2018-12-04 16:09:31,867 INFO o.a.j.s.SaveService: Loading file: /home/jjavier98/Descargas/ETSIIT Alumnos API.jmx
2018-12-04 16:09:32,051 INFO o.a.j.s.FileServer: Set new base='/home/jjavier98/Descargas'
2018-12-04 16:10:02,692 INFO o.a.j.g.a.Load: Loading file: /home/jjavier98/Descargas/ETSIIT Alumnos API.jmx
2018-12-04 16:10:02,692 INFO o.a.j.s.FileServer: Set new base='/home/jjavier98/Descargas'
2018-12-04 16:10:02,692 INFO o.a.j.s.SaveService: Loading file: /home/jjavier98/Descargas/ETSIIT Alumnos API.jmx
2018-12-04 16:10:02,841 INFO o.a.j.s.FileServer: Set new base='/home/jjavier98/Descargas'
2018-12-04 16:10:10,472 INFO o.a.j.g.a.Load: Loading file: /home/jjavier98/Descargas/ExamenP4-Martes.jmx
2018-12-04 16:10:10,473 INFO o.a.j.s.FileServer: Set new base='/home/jjavier98/Descargas'
2018-12-04 16:10:10,473 INFO o.a.j.s.SaveService: Loading file: /home/jjavier98/Descargas/ExamenP4-Martes.jmx
2018-12-04 16:10:10,553 INFO o.a.j.s.FileServer: Set new base='/home/jjavier98/Descargas'
2018-12-04 16:10:30,741 INFO o.a.j.e.StandardJMeterEngine: Running the test!
2018-12-04 16:10:30,741 INFO o.a.j.s.SampleEvent: List of sample_variables: []
2018-12-04 16:10:30,744 INFO o.a.j.g.u.JMeterMenuBar: setRunning(true, *local*)
2018-12-04 16:10:31,052 INFO o.a.j.e.StandardJMeterEngine: Starting ThreadGroup: 1 : Alumnos
2018-12-04 16:10:31,052 INFO o.a.j.e.StandardJMeterEngine: Starting 4 threads for group Alumnos.
2018-12-04 16:10:31,052 INFO o.a.j.e.StandardJMeterEngine: Thread will continue on error
2018-12-04 16:10:31,052 INFO o.a.j.t.ThreadGroup: Starting thread group... number=1 threads=4 ramp-up=1 perThread=250.0 delayedStart=false
2018-12-04 16:10:31,053 INFO o.a.j.t.JMeterThread: Thread started: Alumnos 1-1
2018-12-04 16:10:31,053 INFO o.a.j.t.ThreadGroup: Started thread group number 1
2018-12-04 16:10:31,053 INFO o.a.j.e.StandardJMeterEngine: All thread groups have been started
2018-12-04 16:10:31,303 INFO o.a.j.t.JMeterThread: Thread started: Alumnos 1-2
2018-12-04 16:10:31,553 INFO o.a.j.t.JMeterThread: Thread started: Alumnos 1-3
2018-12-04 16:10:31,804 INFO o.a.j.t.JMeterThread: Thread started: Alumnos 1-4
2018-12-04 16:10:36,688 WARN o.a.j.u.JMeterUtils: ERROR! Resource string not found: [label]
2018-12-04 16:10:36,690 WARN o.a.j.u.JMeterUtils: ERROR! Resource string not found: [label]
2018-12-04 16:10:36,691 WARN o.a.j.u.JMeterUtils: ERROR! Resource string not found: [label]
2018-12-04 16:10:36,691 WARN o.a.j.u.JMeterUtils: ERROR! Resource string not found: [label]
2018-12-04 16:10:36,691 WARN o.a.j.u.JMeterUtils: ERROR! Resource string not found: [label]
2018-12-04 16:10:36,718 WARN o.a.j.u.JMeterUtils: ERROR! Resource string not found: [label]
2018-12-04 16:10:36,718 WARN o.a.j.u.JMeterUtils: ERROR! Resource string not found: [#_samples]
2018-12-04 16:10:36,718 WARN o.a.j.u.JMeterUtils: ERROR! Resource string not found: [median]
2018-12-04 16:10:36,718 WARN o.a.j.u.JMeterUtils: ERROR! Resource string not found: [90%_line]
2018-12-04 16:10:36,718 WARN o.a.j.u.JMeterUtils: ERROR! Resource string not found: [95%_line]
2018-12-04 16:10:36,718 WARN o.a.j.u.JMeterUtils: ERROR! Resource string not found: [99%_line]
2018-12-04 16:10:36,718 WARN o.a.j.u.JMeterUtils: ERROR! Resource string not found: [min]
2018-12-04 16:10:36,719 WARN o.a.j.u.JMeterUtils: ERROR! Resource string not found: [error_%]
2018-12-04 16:10:36,719 WARN o.a.j.u.JMeterUtils: ERROR! Resource string not found: [throughput]
2018-12-04 16:10:36,719 WARN o.a.j.u.JMeterUtils: ERROR! Resource string not found: [received_kb/sec]
2018-12-04 16:10:36,729 WARN o.a.j.u.JMeterUtils: ERROR! Resource string not found: [label]
2018-12-04 16:10:36,729 WARN o.a.j.u.JMeterUtils: ERROR! Resource string not found: [label]
2018-12-04 16:10:36,773 WARN o.a.j.u.JMeterUtils: ERROR! Resource string not found: [label]
2018-12-04 16:10:36,773 WARN o.a.j.u.JMeterUtils: ERROR! Resource string not found: [#_samples]
2018-12-04 16:10:36,773 WARN o.a.j.u.JMeterUtils: ERROR! Resource string not found: [median]
2018-12-04 16:10:36,773 WARN o.a.j.u.JMeterUtils: ERROR! Resource string not found: [90%_line]
2018-12-04 16:10:36,773 WARN o.a.j.u.JMeterUtils: ERROR! Resource string not found: [95%_line]
2018-12-04 16:10:36,773 WARN o.a.j.u.JMeterUtils: ERROR! Resource string not found: [99%_line]
2018-12-04 16:10:36,773 WARN o.a.j.u.JMeterUtils: ERROR! Resource string not found: [min]
2018-12-04 16:10:36,773 WARN o.a.j.u.JMeterUtils: ERROR! Resource string not found: [error_%]
2018-12-04 16:10:36,773 WARN o.a.j.u.JMeterUtils: ERROR! Resource string not found: [throughput]
2018-12-04 16:10:36,773 WARN o.a.j.u.JMeterUtils: ERROR! Resource string not found: [received_kb/sec]
2018-12-04 16:10:40,666 INFO o.a.j.t.JMeterThread: Thread is done: Alumnos 1-1
2018-12-04 16:10:40,666 INFO o.a.j.t.JMeterThread: Thread finished: Alumnos 1-1
2018-12-04 16:10:41,266 INFO o.a.j.t.JMeterThread: Thread is done: Alumnos 1-2
2018-12-04 16:10:41,266 INFO o.a.j.t.JMeterThread: Thread finished: Alumnos 1-2
2018-12-04 16:10:41,497 INFO o.a.j.t.JMeterThread: Thread is done: Alumnos 1-3
2018-12-04 16:10:41,497 INFO o.a.j.t.JMeterThread: Thread finished: Alumnos 1-3
2018-12-04 16:10:41,553 INFO o.a.j.t.JMeterThread: Thread is done: Alumnos 1-4
2018-12-04 16:10:41,553 INFO o.a.j.t.JMeterThread: Thread finished: Alumnos 1-4
2018-12-04 16:10:41,553 INFO o.a.j.e.StandardJMeterEngine: Notifying test listeners of end of test
2018-12-04 16:10:41,554 INFO o.a.j.g.u.JMeterMenuBar: setRunning(false, *local*)
2018-12-04 16:11:30,148 INFO o.a.j.g.a.Load: Loading file: /home/jjavier98/Descargas/ETSIIT Alumnos API.jmx
2018-12-04 16:11:30,148 INFO o.a.j.s.FileServer: Set new base='/home/jjavier98/Descargas'
2018-12-04 16:11:30,148 INFO o.a.j.s.SaveService: Loading file: /home/jjavier98/Descargas/ETSIIT Alumnos API.jmx
2018-12-04 16:11:30,306 INFO o.a.j.s.FileServer: Set new base='/home/jjavier98/Descargas'
2018-12-04 16:11:48,541 INFO o.a.j.g.a.Load: Loading file: /home/jjavier98/Descargas/ExamenP4-Martes.jmx
2018-12-04 16:11:48,542 INFO o.a.j.s.FileServer: Set new base='/home/jjavier98/Descargas'
2018-12-04 16:11:48,542 INFO o.a.j.s.SaveService: Loading file: /home/jjavier98/Descargas/ExamenP4-Martes.jmx
2018-12-04 16:11:48,661 INFO o.a.j.s.FileServer: Set new base='/home/jjavier98/Descargas'
2018-12-04 16:12:06,638 INFO o.a.j.g.a.Load: Loading file: /home/jjavier98/Descargas/ETSIIT Alumnos API.jmx
2018-12-04 16:12:06,639 INFO o.a.j.s.FileServer: Set new base='/home/jjavier98/Descargas'
2018-12-04 16:12:06,639 INFO o.a.j.s.SaveService: Loading file: /home/jjavier98/Descargas/ETSIIT Alumnos API.jmx
2018-12-04 16:12:06,796 INFO o.a.j.s.FileServer: Set new base='/home/jjavier98/Descargas'
2018-12-04 16:12:26,805 INFO o.a.j.g.a.Load: Loading file: /home/jjavier98/Descargas/ExamenP4-Martes.jmx
2018-12-04 16:12:26,805 INFO o.a.j.s.FileServer: Set new base='/home/jjavier98/Descargas'
2018-12-04 16:12:26,805 INFO o.a.j.s.SaveService: Loading file: /home/jjavier98/Descargas/ExamenP4-Martes.jmx
2018-12-04 16:12:26,878 INFO o.a.j.s.FileServer: Set new base='/home/jjavier98/Descargas'
2018-12-04 16:13:52,408 INFO o.a.j.e.StandardJMeterEngine: Running the test!
2018-12-04 16:13:52,408 INFO o.a.j.s.SampleEvent: List of sample_variables: []
2018-12-04 16:13:52,409 INFO o.a.j.g.u.JMeterMenuBar: setRunning(true, *local*)
2018-12-04 16:13:52,748 INFO o.a.j.e.StandardJMeterEngine: Starting ThreadGroup: 1 : Alumnos
2018-12-04 16:13:52,748 INFO o.a.j.e.StandardJMeterEngine: Starting 4 threads for group Alumnos.
2018-12-04 16:13:52,748 INFO o.a.j.e.StandardJMeterEngine: Thread will continue on error
2018-12-04 16:13:52,748 INFO o.a.j.t.ThreadGroup: Starting thread group... number=1 threads=4 ramp-up=1 perThread=250.0 delayedStart=false
2018-12-04 16:13:52,749 INFO o.a.j.t.JMeterThread: Thread started: Alumnos 1-1
2018-12-04 16:13:52,749 INFO o.a.j.s.FileServer: Stored: /home/jjavier98/GII/3º/1er Semestre/ISE/P4/jmeter completo/jMeter/alumnos.csv
2018-12-04 16:13:52,750 INFO o.a.j.t.ThreadGroup: Started thread group number 1
2018-12-04 16:13:52,750 INFO o.a.j.e.StandardJMeterEngine: All thread groups have been started
2018-12-04 16:13:52,999 INFO o.a.j.t.JMeterThread: Thread started: Alumnos 1-2
2018-12-04 16:13:53,250 INFO o.a.j.t.JMeterThread: Thread started: Alumnos 1-3
2018-12-04 16:13:53,501 INFO o.a.j.t.JMeterThread: Thread started: Alumnos 1-4
2018-12-04 16:14:05,888 INFO o.a.j.g.a.Start: Stopping test
2018-12-04 16:14:05,914 INFO o.a.j.t.JMeterThread: Stopping: Alumnos 1-1
2018-12-04 16:14:05,914 WARN o.a.j.t.JMeterThread: Interrupting: Alumnos 1-1 sampler: HTTP Request - Login
2018-12-04 16:14:05,916 INFO o.a.j.t.JMeterThread: Stopping: Alumnos 1-2
2018-12-04 16:14:05,916 WARN o.a.j.t.JMeterThread: Interrupting: Alumnos 1-2 sampler: HTTP Request - Login
2018-12-04 16:14:05,916 INFO o.a.j.t.JMeterThread: Stopping: Alumnos 1-4
2018-12-04 16:14:05,916 WARN o.a.j.t.JMeterThread: Interrupting: Alumnos 1-4 sampler: HTTP Request - Login
2018-12-04 16:14:05,917 INFO o.a.j.t.JMeterThread: Stopping: Alumnos 1-3
2018-12-04 16:14:05,917 WARN o.a.j.t.JMeterThread: Interrupting: Alumnos 1-3 sampler: HTTP Request - Login
2018-12-04 16:14:05,937 INFO o.a.j.t.JMeterThread: Thread finished: Alumnos 1-3
2018-12-04 16:14:05,937 INFO o.a.j.t.JMeterThread: Thread finished: Alumnos 1-1
2018-12-04 16:14:05,938 INFO o.a.j.t.JMeterThread: Thread finished: Alumnos 1-4
2018-12-04 16:14:05,938 INFO o.a.j.t.JMeterThread: Thread finished: Alumnos 1-2
2018-12-04 16:14:05,945 INFO o.a.j.e.StandardJMeterEngine: Notifying test listeners of end of test
2018-12-04 16:14:05,945 INFO o.a.j.s.FileServer: Close: /home/jjavier98/GII/3º/1er Semestre/ISE/P4/jmeter completo/jMeter/alumnos.csv
2018-12-04 16:14:05,945 INFO o.a.j.g.u.JMeterMenuBar: setRunning(false, *local*)
2018-12-04 16:14:14,609 INFO o.a.j.g.a.Load: Loading file: /home/jjavier98/Descargas/ETSIIT Alumnos API.jmx
2018-12-04 16:14:14,610 INFO o.a.j.s.FileServer: Set new base='/home/jjavier98/Descargas'
2018-12-04 16:14:14,610 INFO o.a.j.s.SaveService: Loading file: /home/jjavier98/Descargas/ETSIIT Alumnos API.jmx
2018-12-04 16:14:14,766 INFO o.a.j.s.FileServer: Set new base='/home/jjavier98/Descargas'
2018-12-04 16:14:46,223 INFO o.a.j.g.a.Load: Loading file: /home/jjavier98/Descargas/ExamenP4-Martes.jmx
2018-12-04 16:14:46,223 INFO o.a.j.s.FileServer: Set new base='/home/jjavier98/Descargas'
2018-12-04 16:14:46,223 INFO o.a.j.s.SaveService: Loading file: /home/jjavier98/Descargas/ExamenP4-Martes.jmx
2018-12-04 16:14:46,326 INFO o.a.j.s.FileServer: Set new base='/home/jjavier98/Descargas'
2018-12-04 16:19:16,325 WARN o.a.j.u.JMeterUtils: ERROR! Resource string not found: [label]
2018-12-04 16:19:16,331 WARN o.a.j.u.JMeterUtils: ERROR! Resource string not found: [label]
2018-12-04 16:19:16,332 WARN o.a.j.u.JMeterUtils: ERROR! Resource string not found: [label]
2018-12-04 16:19:16,333 WARN o.a.j.u.JMeterUtils: ERROR! Resource string not found: [label]
2018-12-04 16:19:16,336 WARN o.a.j.u.JMeterUtils: ERROR! Resource string not found: [label]
2018-12-04 16:19:16,382 WARN o.a.j.u.JMeterUtils: ERROR! Resource string not found: [label]
2018-12-04 16:19:16,382 WARN o.a.j.u.JMeterUtils: ERROR! Resource string not found: [#_samples]
2018-12-04 16:19:16,382 WARN o.a.j.u.JMeterUtils: ERROR! Resource string not found: [median]
2018-12-04 16:19:16,382 WARN o.a.j.u.JMeterUtils: ERROR! Resource string not found: [90%_line]
2018-12-04 16:19:16,382 WARN o.a.j.u.JMeterUtils: ERROR! Resource string not found: [95%_line]
2018-12-04 16:19:16,382 WARN o.a.j.u.JMeterUtils: ERROR! Resource string not found: [99%_line]
2018-12-04 16:19:16,382 WARN o.a.j.u.JMeterUtils: ERROR! Resource string not found: [min]
2018-12-04 16:19:16,382 WARN o.a.j.u.JMeterUtils: ERROR! Resource string not found: [error_%]
2018-12-04 16:19:16,382 WARN o.a.j.u.JMeterUtils: ERROR! Resource string not found: [throughput]
2018-12-04 16:19:16,382 WARN o.a.j.u.JMeterUtils: ERROR! Resource string not found: [received_kb/sec]
2018-12-04 16:19:16,382 WARN o.a.j.u.JMeterUtils: ERROR! Resource string not found: [sent_kb/sec]
2018-12-04 16:19:16,393 WARN o.a.j.u.JMeterUtils: ERROR! Resource string not found: [label]
2018-12-04 16:19:16,393 WARN o.a.j.u.JMeterUtils: ERROR! Resource string not found: [label]
2018-12-04 16:19:16,436 WARN o.a.j.u.JMeterUtils: ERROR! Resource string not found: [label]
2018-12-04 16:19:16,436 WARN o.a.j.u.JMeterUtils: ERROR! Resource string not found: [#_samples]
2018-12-04 16:19:16,436 WARN o.a.j.u.JMeterUtils: ERROR! Resource string not found: [median]
2018-12-04 16:19:16,436 WARN o.a.j.u.JMeterUtils: ERROR! Resource string not found: [90%_line]
2018-12-04 16:19:16,436 WARN o.a.j.u.JMeterUtils: ERROR! Resource string not found: [95%_line]
2018-12-04 16:19:16,436 WARN o.a.j.u.JMeterUtils: ERROR! Resource string not found: [99%_line]
2018-12-04 16:19:16,436 WARN o.a.j.u.JMeterUtils: ERROR! Resource string not found: [min]
2018-12-04 16:19:16,436 WARN o.a.j.u.JMeterUtils: ERROR! Resource string not found: [error_%]
2018-12-04 16:19:16,437 WARN o.a.j.u.JMeterUtils: ERROR! Resource string not found: [throughput]
2018-12-04 16:19:16,437 WARN o.a.j.u.JMeterUtils: ERROR! Resource string not found: [received_kb/sec]
2018-12-04 16:19:16,437 WARN o.a.j.u.JMeterUtils: ERROR! Resource string not found: [sent_kb/sec]
